2024-11-12 00:20:32.932 ERROR 53201 --- [rabbitmq-connection-shutdown-amqp://guest@192.168.31.244:31688/] c.r.c.impl.ForgivingExceptionHandler     : An unexpected connection driver error occurred

com.rabbitmq.client.MissedHeartbeatException: Detected missed server heartbeats, heartbeat interval: 60 seconds, RabbitMQ node hostname: 192.168.31.244
	at com.rabbitmq.client.impl.AMQConnection.handleHeartbeatFailure(AMQConnection.java:776)
	at com.rabbitmq.client.impl.nio.NioLoop.lambda$handleHeartbeatFailure$0(NioLoop.java:281)
	at java.base/java.lang.Thread.run(Thread.java:1583)

2024-11-12 00:28:39.355 ERROR 53201 --- [rabbitmq-connection-shutdown-amqp://guest@192.168.31.244:31688/] c.r.c.impl.ForgivingExceptionHandler     : An unexpected connection driver error occurred

com.rabbitmq.client.MissedHeartbeatException: Detected missed server heartbeats, heartbeat interval: 60 seconds, RabbitMQ node hostname: 192.168.31.244
	at com.rabbitmq.client.impl.AMQConnection.handleHeartbeatFailure(AMQConnection.java:776)
	at com.rabbitmq.client.impl.nio.NioLoop.lambda$handleHeartbeatFailure$0(NioLoop.java:281)
	at java.base/java.lang.Thread.run(Thread.java:1583)

2024-11-12 00:52:44.144 ERROR 53201 --- [rabbitmq-connection-shutdown-amqp://guest@192.168.31.244:31688/] c.r.c.impl.ForgivingExceptionHandler     : An unexpected connection driver error occurred

com.rabbitmq.client.MissedHeartbeatException: Detected missed server heartbeats, heartbeat interval: 60 seconds, RabbitMQ node hostname: 192.168.31.244
	at com.rabbitmq.client.impl.AMQConnection.handleHeartbeatFailure(AMQConnection.java:776)
	at com.rabbitmq.client.impl.nio.NioLoop.lambda$handleHeartbeatFailure$0(NioLoop.java:281)
	at java.base/java.lang.Thread.run(Thread.java:1583)

2024-11-12 00:55:44.612 ERROR 53201 --- [rabbitmq-connection-shutdown-amqp://guest@192.168.31.244:31688/] c.r.c.impl.ForgivingExceptionHandler     : An unexpected connection driver error occurred

com.rabbitmq.client.MissedHeartbeatException: Detected missed server heartbeats, heartbeat interval: 60 seconds, RabbitMQ node hostname: 192.168.31.244
	at com.rabbitmq.client.impl.AMQConnection.handleHeartbeatFailure(AMQConnection.java:776)
	at com.rabbitmq.client.impl.nio.NioLoop.lambda$handleHeartbeatFailure$0(NioLoop.java:281)
	at java.base/java.lang.Thread.run(Thread.java:1583)

2024-11-12 01:23:29.313 ERROR 53201 --- [rabbitmq-connection-shutdown-amqp://guest@192.168.31.244:31688/] c.r.c.impl.ForgivingExceptionHandler     : An unexpected connection driver error occurred

com.rabbitmq.client.MissedHeartbeatException: Detected missed server heartbeats, heartbeat interval: 60 seconds, RabbitMQ node hostname: 192.168.31.244
	at com.rabbitmq.client.impl.AMQConnection.handleHeartbeatFailure(AMQConnection.java:776)
	at com.rabbitmq.client.impl.nio.NioLoop.lambda$handleHeartbeatFailure$0(NioLoop.java:281)
	at java.base/java.lang.Thread.run(Thread.java:1583)

2024-11-12 01:23:39.350 ERROR 53201 --- [rabbitmq-connection-shutdown-amqp://guest@192.168.31.244:31688/] c.r.c.impl.ForgivingExceptionHandler     : Caught an exception during connection recovery!

java.io.IOException: null
	at com.rabbitmq.client.impl.AMQChannel.wrap(AMQChannel.java:140)
	at com.rabbitmq.client.impl.AMQChannel.wrap(AMQChannel.java:136)
	at com.rabbitmq.client.impl.AMQConnection.start(AMQConnection.java:406)
	at com.rabbitmq.client.impl.recovery.RecoveryAwareAMQConnectionFactory.newConnection(RecoveryAwareAMQConnectionFactory.java:71)
	at com.rabbitmq.client.impl.recovery.AutorecoveringConnection.recoverConnection(AutorecoveringConnection.java:628)
	at com.rabbitmq.client.impl.recovery.AutorecoveringConnection.beginAutomaticRecovery(AutorecoveringConnection.java:589)
	at com.rabbitmq.client.impl.recovery.AutorecoveringConnection.lambda$addAutomaticRecoveryListener$3(AutorecoveringConnection.java:524)
	at com.rabbitmq.client.impl.AMQConnection.notifyRecoveryCanBeginListeners(AMQConnection.java:839)
	at com.rabbitmq.client.impl.AMQConnection.doFinalShutdown(AMQConnection.java:816)
	at com.rabbitmq.client.impl.AMQConnection.handleHeartbeatFailure(AMQConnection.java:781)
	at com.rabbitmq.client.impl.nio.NioLoop.lambda$handleHeartbeatFailure$0(NioLoop.java:281)
	at java.base/java.lang.Thread.run(Thread.java:1583)
Caused by: com.rabbitmq.client.ShutdownSignalException: connection error
	at com.rabbitmq.utility.ValueOrException.getValue(ValueOrException.java:66)
	at com.rabbitmq.utility.BlockingValueOrException.uninterruptibleGetValue(BlockingValueOrException.java:36)
	at com.rabbitmq.client.impl.AMQChannel$BlockingRpcContinuation.getReply(AMQChannel.java:552)
	at com.rabbitmq.client.impl.AMQConnection.start(AMQConnection.java:336)
	... 9 common frames omitted
Caused by: java.net.SocketException: Connection reset
	at java.base/sun.nio.ch.SocketChannelImpl.throwConnectionReset(SocketChannelImpl.java:401)
	at java.base/sun.nio.ch.SocketChannelImpl.read(SocketChannelImpl.java:434)
	at com.rabbitmq.client.impl.nio.NioHelper.read(NioHelper.java:25)
	at com.rabbitmq.client.impl.nio.SocketChannelFrameHandlerState.prepareForReadSequence(SocketChannelFrameHandlerState.java:192)
	at com.rabbitmq.client.impl.nio.NioLoop.run(NioLoop.java:153)
	... 1 common frames omitted

2024-11-12 01:23:44.390 ERROR 53201 --- [rabbitmq-connection-shutdown-amqp://guest@192.168.31.244:31688/] c.r.c.impl.ForgivingExceptionHandler     : Caught an exception during connection recovery!

java.io.IOException: null
	at com.rabbitmq.client.impl.AMQChannel.wrap(AMQChannel.java:140)
	at com.rabbitmq.client.impl.AMQChannel.wrap(AMQChannel.java:136)
	at com.rabbitmq.client.impl.AMQConnection.start(AMQConnection.java:406)
	at com.rabbitmq.client.impl.recovery.RecoveryAwareAMQConnectionFactory.newConnection(RecoveryAwareAMQConnectionFactory.java:71)
	at com.rabbitmq.client.impl.recovery.AutorecoveringConnection.recoverConnection(AutorecoveringConnection.java:628)
	at com.rabbitmq.client.impl.recovery.AutorecoveringConnection.beginAutomaticRecovery(AutorecoveringConnection.java:589)
	at com.rabbitmq.client.impl.recovery.AutorecoveringConnection.lambda$addAutomaticRecoveryListener$3(AutorecoveringConnection.java:524)
	at com.rabbitmq.client.impl.AMQConnection.notifyRecoveryCanBeginListeners(AMQConnection.java:839)
	at com.rabbitmq.client.impl.AMQConnection.doFinalShutdown(AMQConnection.java:816)
	at com.rabbitmq.client.impl.AMQConnection.handleHeartbeatFailure(AMQConnection.java:781)
	at com.rabbitmq.client.impl.nio.NioLoop.lambda$handleHeartbeatFailure$0(NioLoop.java:281)
	at java.base/java.lang.Thread.run(Thread.java:1583)
Caused by: com.rabbitmq.client.ShutdownSignalException: connection error
	at com.rabbitmq.utility.ValueOrException.getValue(ValueOrException.java:66)
	at com.rabbitmq.utility.BlockingValueOrException.uninterruptibleGetValue(BlockingValueOrException.java:36)
	at com.rabbitmq.client.impl.AMQChannel$BlockingRpcContinuation.getReply(AMQChannel.java:552)
	at com.rabbitmq.client.impl.AMQConnection.start(AMQConnection.java:336)
	... 9 common frames omitted
Caused by: java.net.SocketException: Connection reset
	at java.base/sun.nio.ch.SocketChannelImpl.throwConnectionReset(SocketChannelImpl.java:401)
	at java.base/sun.nio.ch.SocketChannelImpl.read(SocketChannelImpl.java:434)
	at com.rabbitmq.client.impl.nio.NioHelper.read(NioHelper.java:25)
	at com.rabbitmq.client.impl.nio.SocketChannelFrameHandlerState.prepareForReadSequence(SocketChannelFrameHandlerState.java:192)
	at com.rabbitmq.client.impl.nio.NioLoop.run(NioLoop.java:153)
	... 1 common frames omitted

2024-11-12 01:23:49.419 ERROR 53201 --- [rabbitmq-connection-shutdown-amqp://guest@192.168.31.244:31688/] c.r.c.impl.ForgivingExceptionHandler     : Caught an exception during connection recovery!

java.io.IOException: null
	at com.rabbitmq.client.impl.AMQChannel.wrap(AMQChannel.java:140)
	at com.rabbitmq.client.impl.AMQChannel.wrap(AMQChannel.java:136)
	at com.rabbitmq.client.impl.AMQConnection.start(AMQConnection.java:406)
	at com.rabbitmq.client.impl.recovery.RecoveryAwareAMQConnectionFactory.newConnection(RecoveryAwareAMQConnectionFactory.java:71)
	at com.rabbitmq.client.impl.recovery.AutorecoveringConnection.recoverConnection(AutorecoveringConnection.java:628)
	at com.rabbitmq.client.impl.recovery.AutorecoveringConnection.beginAutomaticRecovery(AutorecoveringConnection.java:589)
	at com.rabbitmq.client.impl.recovery.AutorecoveringConnection.lambda$addAutomaticRecoveryListener$3(AutorecoveringConnection.java:524)
	at com.rabbitmq.client.impl.AMQConnection.notifyRecoveryCanBeginListeners(AMQConnection.java:839)
	at com.rabbitmq.client.impl.AMQConnection.doFinalShutdown(AMQConnection.java:816)
	at com.rabbitmq.client.impl.AMQConnection.handleHeartbeatFailure(AMQConnection.java:781)
	at com.rabbitmq.client.impl.nio.NioLoop.lambda$handleHeartbeatFailure$0(NioLoop.java:281)
	at java.base/java.lang.Thread.run(Thread.java:1583)
Caused by: com.rabbitmq.client.ShutdownSignalException: connection error
	at com.rabbitmq.utility.ValueOrException.getValue(ValueOrException.java:66)
	at com.rabbitmq.utility.BlockingValueOrException.uninterruptibleGetValue(BlockingValueOrException.java:36)
	at com.rabbitmq.client.impl.AMQChannel$BlockingRpcContinuation.getReply(AMQChannel.java:552)
	at com.rabbitmq.client.impl.AMQConnection.start(AMQConnection.java:336)
	... 9 common frames omitted
Caused by: java.net.SocketException: Connection reset
	at java.base/sun.nio.ch.SocketChannelImpl.throwConnectionReset(SocketChannelImpl.java:401)
	at java.base/sun.nio.ch.SocketChannelImpl.read(SocketChannelImpl.java:434)
	at com.rabbitmq.client.impl.nio.NioHelper.read(NioHelper.java:25)
	at com.rabbitmq.client.impl.nio.SocketChannelFrameHandlerState.prepareForReadSequence(SocketChannelFrameHandlerState.java:192)
	at com.rabbitmq.client.impl.nio.NioLoop.run(NioLoop.java:153)
	... 1 common frames omitted

2024-11-12 01:23:54.445 ERROR 53201 --- [rabbitmq-connection-shutdown-amqp://guest@192.168.31.244:31688/] c.r.c.impl.ForgivingExceptionHandler     : Caught an exception during connection recovery!

java.io.IOException: null
	at com.rabbitmq.client.impl.AMQChannel.wrap(AMQChannel.java:140)
	at com.rabbitmq.client.impl.AMQChannel.wrap(AMQChannel.java:136)
	at com.rabbitmq.client.impl.AMQConnection.start(AMQConnection.java:406)
	at com.rabbitmq.client.impl.recovery.RecoveryAwareAMQConnectionFactory.newConnection(RecoveryAwareAMQConnectionFactory.java:71)
	at com.rabbitmq.client.impl.recovery.AutorecoveringConnection.recoverConnection(AutorecoveringConnection.java:628)
	at com.rabbitmq.client.impl.recovery.AutorecoveringConnection.beginAutomaticRecovery(AutorecoveringConnection.java:589)
	at com.rabbitmq.client.impl.recovery.AutorecoveringConnection.lambda$addAutomaticRecoveryListener$3(AutorecoveringConnection.java:524)
	at com.rabbitmq.client.impl.AMQConnection.notifyRecoveryCanBeginListeners(AMQConnection.java:839)
	at com.rabbitmq.client.impl.AMQConnection.doFinalShutdown(AMQConnection.java:816)
	at com.rabbitmq.client.impl.AMQConnection.handleHeartbeatFailure(AMQConnection.java:781)
	at com.rabbitmq.client.impl.nio.NioLoop.lambda$handleHeartbeatFailure$0(NioLoop.java:281)
	at java.base/java.lang.Thread.run(Thread.java:1583)
Caused by: com.rabbitmq.client.ShutdownSignalException: connection error
	at com.rabbitmq.utility.ValueOrException.getValue(ValueOrException.java:66)
	at com.rabbitmq.utility.BlockingValueOrException.uninterruptibleGetValue(BlockingValueOrException.java:36)
	at com.rabbitmq.client.impl.AMQChannel$BlockingRpcContinuation.getReply(AMQChannel.java:552)
	at com.rabbitmq.client.impl.AMQConnection.start(AMQConnection.java:336)
	... 9 common frames omitted
Caused by: java.net.SocketException: Connection reset
	at java.base/sun.nio.ch.SocketChannelImpl.throwConnectionReset(SocketChannelImpl.java:401)
	at java.base/sun.nio.ch.SocketChannelImpl.read(SocketChannelImpl.java:434)
	at com.rabbitmq.client.impl.nio.NioHelper.read(NioHelper.java:25)
	at com.rabbitmq.client.impl.nio.SocketChannelFrameHandlerState.prepareForReadSequence(SocketChannelFrameHandlerState.java:192)
	at com.rabbitmq.client.impl.nio.NioLoop.run(NioLoop.java:153)
	... 1 common frames omitted

2024-11-12 01:23:59.463 ERROR 53201 --- [rabbitmq-connection-shutdown-amqp://guest@192.168.31.244:31688/] c.r.c.impl.ForgivingExceptionHandler     : Caught an exception during connection recovery!

java.io.IOException: null
	at com.rabbitmq.client.impl.AMQChannel.wrap(AMQChannel.java:140)
	at com.rabbitmq.client.impl.AMQChannel.wrap(AMQChannel.java:136)
	at com.rabbitmq.client.impl.AMQConnection.start(AMQConnection.java:406)
	at com.rabbitmq.client.impl.recovery.RecoveryAwareAMQConnectionFactory.newConnection(RecoveryAwareAMQConnectionFactory.java:71)
	at com.rabbitmq.client.impl.recovery.AutorecoveringConnection.recoverConnection(AutorecoveringConnection.java:628)
	at com.rabbitmq.client.impl.recovery.AutorecoveringConnection.beginAutomaticRecovery(AutorecoveringConnection.java:589)
	at com.rabbitmq.client.impl.recovery.AutorecoveringConnection.lambda$addAutomaticRecoveryListener$3(AutorecoveringConnection.java:524)
	at com.rabbitmq.client.impl.AMQConnection.notifyRecoveryCanBeginListeners(AMQConnection.java:839)
	at com.rabbitmq.client.impl.AMQConnection.doFinalShutdown(AMQConnection.java:816)
	at com.rabbitmq.client.impl.AMQConnection.handleHeartbeatFailure(AMQConnection.java:781)
	at com.rabbitmq.client.impl.nio.NioLoop.lambda$handleHeartbeatFailure$0(NioLoop.java:281)
	at java.base/java.lang.Thread.run(Thread.java:1583)
Caused by: com.rabbitmq.client.ShutdownSignalException: connection error
	at com.rabbitmq.utility.ValueOrException.getValue(ValueOrException.java:66)
	at com.rabbitmq.utility.BlockingValueOrException.uninterruptibleGetValue(BlockingValueOrException.java:36)
	at com.rabbitmq.client.impl.AMQChannel$BlockingRpcContinuation.getReply(AMQChannel.java:552)
	at com.rabbitmq.client.impl.AMQConnection.start(AMQConnection.java:336)
	... 9 common frames omitted
Caused by: java.net.SocketException: Connection reset
	at java.base/sun.nio.ch.SocketChannelImpl.throwConnectionReset(SocketChannelImpl.java:401)
	at java.base/sun.nio.ch.SocketChannelImpl.read(SocketChannelImpl.java:434)
	at com.rabbitmq.client.impl.nio.NioHelper.read(NioHelper.java:25)
	at com.rabbitmq.client.impl.nio.SocketChannelFrameHandlerState.prepareForReadSequence(SocketChannelFrameHandlerState.java:192)
	at com.rabbitmq.client.impl.nio.NioLoop.run(NioLoop.java:153)
	... 1 common frames omitted

2024-11-12 01:24:04.478 ERROR 53201 --- [rabbitmq-connection-shutdown-amqp://guest@192.168.31.244:31688/] c.r.c.impl.ForgivingExceptionHandler     : Caught an exception during connection recovery!

java.io.IOException: null
	at com.rabbitmq.client.impl.AMQChannel.wrap(AMQChannel.java:140)
	at com.rabbitmq.client.impl.AMQChannel.wrap(AMQChannel.java:136)
	at com.rabbitmq.client.impl.AMQConnection.start(AMQConnection.java:406)
	at com.rabbitmq.client.impl.recovery.RecoveryAwareAMQConnectionFactory.newConnection(RecoveryAwareAMQConnectionFactory.java:71)
	at com.rabbitmq.client.impl.recovery.AutorecoveringConnection.recoverConnection(AutorecoveringConnection.java:628)
	at com.rabbitmq.client.impl.recovery.AutorecoveringConnection.beginAutomaticRecovery(AutorecoveringConnection.java:589)
	at com.rabbitmq.client.impl.recovery.AutorecoveringConnection.lambda$addAutomaticRecoveryListener$3(AutorecoveringConnection.java:524)
	at com.rabbitmq.client.impl.AMQConnection.notifyRecoveryCanBeginListeners(AMQConnection.java:839)
	at com.rabbitmq.client.impl.AMQConnection.doFinalShutdown(AMQConnection.java:816)
	at com.rabbitmq.client.impl.AMQConnection.handleHeartbeatFailure(AMQConnection.java:781)
	at com.rabbitmq.client.impl.nio.NioLoop.lambda$handleHeartbeatFailure$0(NioLoop.java:281)
	at java.base/java.lang.Thread.run(Thread.java:1583)
Caused by: com.rabbitmq.client.ShutdownSignalException: connection error
	at com.rabbitmq.utility.ValueOrException.getValue(ValueOrException.java:66)
	at com.rabbitmq.utility.BlockingValueOrException.uninterruptibleGetValue(BlockingValueOrException.java:36)
	at com.rabbitmq.client.impl.AMQChannel$BlockingRpcContinuation.getReply(AMQChannel.java:552)
	at com.rabbitmq.client.impl.AMQConnection.start(AMQConnection.java:336)
	... 9 common frames omitted
Caused by: java.net.SocketException: Connection reset
	at java.base/sun.nio.ch.SocketChannelImpl.throwConnectionReset(SocketChannelImpl.java:401)
	at java.base/sun.nio.ch.SocketChannelImpl.read(SocketChannelImpl.java:434)
	at com.rabbitmq.client.impl.nio.NioHelper.read(NioHelper.java:25)
	at com.rabbitmq.client.impl.nio.SocketChannelFrameHandlerState.prepareForReadSequence(SocketChannelFrameHandlerState.java:192)
	at com.rabbitmq.client.impl.nio.NioLoop.run(NioLoop.java:153)
	... 1 common frames omitted

2024-11-12 01:24:09.499 ERROR 53201 --- [rabbitmq-connection-shutdown-amqp://guest@192.168.31.244:31688/] c.r.c.impl.ForgivingExceptionHandler     : Caught an exception during connection recovery!

java.io.IOException: null
	at com.rabbitmq.client.impl.AMQChannel.wrap(AMQChannel.java:140)
	at com.rabbitmq.client.impl.AMQChannel.wrap(AMQChannel.java:136)
	at com.rabbitmq.client.impl.AMQConnection.start(AMQConnection.java:406)
	at com.rabbitmq.client.impl.recovery.RecoveryAwareAMQConnectionFactory.newConnection(RecoveryAwareAMQConnectionFactory.java:71)
	at com.rabbitmq.client.impl.recovery.AutorecoveringConnection.recoverConnection(AutorecoveringConnection.java:628)
	at com.rabbitmq.client.impl.recovery.AutorecoveringConnection.beginAutomaticRecovery(AutorecoveringConnection.java:589)
	at com.rabbitmq.client.impl.recovery.AutorecoveringConnection.lambda$addAutomaticRecoveryListener$3(AutorecoveringConnection.java:524)
	at com.rabbitmq.client.impl.AMQConnection.notifyRecoveryCanBeginListeners(AMQConnection.java:839)
	at com.rabbitmq.client.impl.AMQConnection.doFinalShutdown(AMQConnection.java:816)
	at com.rabbitmq.client.impl.AMQConnection.handleHeartbeatFailure(AMQConnection.java:781)
	at com.rabbitmq.client.impl.nio.NioLoop.lambda$handleHeartbeatFailure$0(NioLoop.java:281)
	at java.base/java.lang.Thread.run(Thread.java:1583)
Caused by: com.rabbitmq.client.ShutdownSignalException: connection error
	at com.rabbitmq.utility.ValueOrException.getValue(ValueOrException.java:66)
	at com.rabbitmq.utility.BlockingValueOrException.uninterruptibleGetValue(BlockingValueOrException.java:36)
	at com.rabbitmq.client.impl.AMQChannel$BlockingRpcContinuation.getReply(AMQChannel.java:552)
	at com.rabbitmq.client.impl.AMQConnection.start(AMQConnection.java:336)
	... 9 common frames omitted
Caused by: java.net.SocketException: Connection reset
	at java.base/sun.nio.ch.SocketChannelImpl.throwConnectionReset(SocketChannelImpl.java:401)
	at java.base/sun.nio.ch.SocketChannelImpl.read(SocketChannelImpl.java:434)
	at com.rabbitmq.client.impl.nio.NioHelper.read(NioHelper.java:25)
	at com.rabbitmq.client.impl.nio.SocketChannelFrameHandlerState.prepareForReadSequence(SocketChannelFrameHandlerState.java:192)
	at com.rabbitmq.client.impl.nio.NioLoop.run(NioLoop.java:153)
	... 1 common frames omitted

2024-11-12 01:24:14.521 ERROR 53201 --- [rabbitmq-connection-shutdown-amqp://guest@192.168.31.244:31688/] c.r.c.impl.ForgivingExceptionHandler     : Caught an exception during connection recovery!

java.io.IOException: null
	at com.rabbitmq.client.impl.AMQChannel.wrap(AMQChannel.java:140)
	at com.rabbitmq.client.impl.AMQChannel.wrap(AMQChannel.java:136)
	at com.rabbitmq.client.impl.AMQConnection.start(AMQConnection.java:406)
	at com.rabbitmq.client.impl.recovery.RecoveryAwareAMQConnectionFactory.newConnection(RecoveryAwareAMQConnectionFactory.java:71)
	at com.rabbitmq.client.impl.recovery.AutorecoveringConnection.recoverConnection(AutorecoveringConnection.java:628)
	at com.rabbitmq.client.impl.recovery.AutorecoveringConnection.beginAutomaticRecovery(AutorecoveringConnection.java:589)
	at com.rabbitmq.client.impl.recovery.AutorecoveringConnection.lambda$addAutomaticRecoveryListener$3(AutorecoveringConnection.java:524)
	at com.rabbitmq.client.impl.AMQConnection.notifyRecoveryCanBeginListeners(AMQConnection.java:839)
	at com.rabbitmq.client.impl.AMQConnection.doFinalShutdown(AMQConnection.java:816)
	at com.rabbitmq.client.impl.AMQConnection.handleHeartbeatFailure(AMQConnection.java:781)
	at com.rabbitmq.client.impl.nio.NioLoop.lambda$handleHeartbeatFailure$0(NioLoop.java:281)
	at java.base/java.lang.Thread.run(Thread.java:1583)
Caused by: com.rabbitmq.client.ShutdownSignalException: connection error
	at com.rabbitmq.utility.ValueOrException.getValue(ValueOrException.java:66)
	at com.rabbitmq.utility.BlockingValueOrException.uninterruptibleGetValue(BlockingValueOrException.java:36)
	at com.rabbitmq.client.impl.AMQChannel$BlockingRpcContinuation.getReply(AMQChannel.java:552)
	at com.rabbitmq.client.impl.AMQConnection.start(AMQConnection.java:336)
	... 9 common frames omitted
Caused by: java.net.SocketException: Connection reset
	at java.base/sun.nio.ch.SocketChannelImpl.throwConnectionReset(SocketChannelImpl.java:401)
	at java.base/sun.nio.ch.SocketChannelImpl.read(SocketChannelImpl.java:434)
	at com.rabbitmq.client.impl.nio.NioHelper.read(NioHelper.java:25)
	at com.rabbitmq.client.impl.nio.SocketChannelFrameHandlerState.prepareForReadSequence(SocketChannelFrameHandlerState.java:192)
	at com.rabbitmq.client.impl.nio.NioLoop.run(NioLoop.java:153)
	... 1 common frames omitted

2024-11-12 01:24:19.544 ERROR 53201 --- [rabbitmq-connection-shutdown-amqp://guest@192.168.31.244:31688/] c.r.c.impl.ForgivingExceptionHandler     : Caught an exception during connection recovery!

java.io.IOException: null
	at com.rabbitmq.client.impl.AMQChannel.wrap(AMQChannel.java:140)
	at com.rabbitmq.client.impl.AMQChannel.wrap(AMQChannel.java:136)
	at com.rabbitmq.client.impl.AMQConnection.start(AMQConnection.java:406)
	at com.rabbitmq.client.impl.recovery.RecoveryAwareAMQConnectionFactory.newConnection(RecoveryAwareAMQConnectionFactory.java:71)
	at com.rabbitmq.client.impl.recovery.AutorecoveringConnection.recoverConnection(AutorecoveringConnection.java:628)
	at com.rabbitmq.client.impl.recovery.AutorecoveringConnection.beginAutomaticRecovery(AutorecoveringConnection.java:589)
	at com.rabbitmq.client.impl.recovery.AutorecoveringConnection.lambda$addAutomaticRecoveryListener$3(AutorecoveringConnection.java:524)
	at com.rabbitmq.client.impl.AMQConnection.notifyRecoveryCanBeginListeners(AMQConnection.java:839)
	at com.rabbitmq.client.impl.AMQConnection.doFinalShutdown(AMQConnection.java:816)
	at com.rabbitmq.client.impl.AMQConnection.handleHeartbeatFailure(AMQConnection.java:781)
	at com.rabbitmq.client.impl.nio.NioLoop.lambda$handleHeartbeatFailure$0(NioLoop.java:281)
	at java.base/java.lang.Thread.run(Thread.java:1583)
Caused by: com.rabbitmq.client.ShutdownSignalException: connection error
	at com.rabbitmq.utility.ValueOrException.getValue(ValueOrException.java:66)
	at com.rabbitmq.utility.BlockingValueOrException.uninterruptibleGetValue(BlockingValueOrException.java:36)
	at com.rabbitmq.client.impl.AMQChannel$BlockingRpcContinuation.getReply(AMQChannel.java:552)
	at com.rabbitmq.client.impl.AMQConnection.start(AMQConnection.java:336)
	... 9 common frames omitted
Caused by: java.net.SocketException: Connection reset
	at java.base/sun.nio.ch.SocketChannelImpl.throwConnectionReset(SocketChannelImpl.java:401)
	at java.base/sun.nio.ch.SocketChannelImpl.read(SocketChannelImpl.java:434)
	at com.rabbitmq.client.impl.nio.NioHelper.read(NioHelper.java:25)
	at com.rabbitmq.client.impl.nio.SocketChannelFrameHandlerState.prepareForReadSequence(SocketChannelFrameHandlerState.java:192)
	at com.rabbitmq.client.impl.nio.NioLoop.run(NioLoop.java:153)
	... 1 common frames omitted

2024-11-12 01:41:01.075 ERROR 53201 --- [rabbitmq-connection-shutdown-amqp://guest@192.168.31.244:31688/] c.r.c.impl.ForgivingExceptionHandler     : Caught an exception during connection recovery!

java.io.IOException: null
	at com.rabbitmq.client.impl.AMQChannel.wrap(AMQChannel.java:140)
	at com.rabbitmq.client.impl.AMQChannel.wrap(AMQChannel.java:136)
	at com.rabbitmq.client.impl.AMQConnection.start(AMQConnection.java:406)
	at com.rabbitmq.client.impl.recovery.RecoveryAwareAMQConnectionFactory.newConnection(RecoveryAwareAMQConnectionFactory.java:71)
	at com.rabbitmq.client.impl.recovery.AutorecoveringConnection.recoverConnection(AutorecoveringConnection.java:628)
	at com.rabbitmq.client.impl.recovery.AutorecoveringConnection.beginAutomaticRecovery(AutorecoveringConnection.java:589)
	at com.rabbitmq.client.impl.recovery.AutorecoveringConnection.lambda$addAutomaticRecoveryListener$3(AutorecoveringConnection.java:524)
	at com.rabbitmq.client.impl.AMQConnection.notifyRecoveryCanBeginListeners(AMQConnection.java:839)
	at com.rabbitmq.client.impl.AMQConnection.doFinalShutdown(AMQConnection.java:816)
	at com.rabbitmq.client.impl.AMQConnection.handleHeartbeatFailure(AMQConnection.java:781)
	at com.rabbitmq.client.impl.nio.NioLoop.lambda$handleHeartbeatFailure$0(NioLoop.java:281)
	at java.base/java.lang.Thread.run(Thread.java:1583)
Caused by: com.rabbitmq.client.ShutdownSignalException: connection error
	at com.rabbitmq.utility.ValueOrException.getValue(ValueOrException.java:66)
	at com.rabbitmq.utility.BlockingValueOrException.uninterruptibleGetValue(BlockingValueOrException.java:36)
	at com.rabbitmq.client.impl.AMQChannel$BlockingRpcContinuation.getReply(AMQChannel.java:552)
	at com.rabbitmq.client.impl.AMQConnection.start(AMQConnection.java:336)
	... 9 common frames omitted
Caused by: java.net.SocketException: Connection reset
	at java.base/sun.nio.ch.SocketChannelImpl.throwConnectionReset(SocketChannelImpl.java:401)
	at java.base/sun.nio.ch.SocketChannelImpl.read(SocketChannelImpl.java:434)
	at com.rabbitmq.client.impl.nio.NioHelper.read(NioHelper.java:25)
	at com.rabbitmq.client.impl.nio.SocketChannelFrameHandlerState.prepareForReadSequence(SocketChannelFrameHandlerState.java:192)
	at com.rabbitmq.client.impl.nio.NioLoop.run(NioLoop.java:153)
	... 1 common frames omitted

2024-11-12 01:41:06.084 ERROR 53201 --- [rabbitmq-connection-shutdown-amqp://guest@192.168.31.244:31688/] c.r.c.impl.ForgivingExceptionHandler     : Caught an exception during connection recovery!

java.io.IOException: null
	at com.rabbitmq.client.impl.AMQChannel.wrap(AMQChannel.java:140)
	at com.rabbitmq.client.impl.AMQChannel.wrap(AMQChannel.java:136)
	at com.rabbitmq.client.impl.AMQConnection.start(AMQConnection.java:406)
	at com.rabbitmq.client.impl.recovery.RecoveryAwareAMQConnectionFactory.newConnection(RecoveryAwareAMQConnectionFactory.java:71)
	at com.rabbitmq.client.impl.recovery.AutorecoveringConnection.recoverConnection(AutorecoveringConnection.java:628)
	at com.rabbitmq.client.impl.recovery.AutorecoveringConnection.beginAutomaticRecovery(AutorecoveringConnection.java:589)
	at com.rabbitmq.client.impl.recovery.AutorecoveringConnection.lambda$addAutomaticRecoveryListener$3(AutorecoveringConnection.java:524)
	at com.rabbitmq.client.impl.AMQConnection.notifyRecoveryCanBeginListeners(AMQConnection.java:839)
	at com.rabbitmq.client.impl.AMQConnection.doFinalShutdown(AMQConnection.java:816)
	at com.rabbitmq.client.impl.AMQConnection.handleHeartbeatFailure(AMQConnection.java:781)
	at com.rabbitmq.client.impl.nio.NioLoop.lambda$handleHeartbeatFailure$0(NioLoop.java:281)
	at java.base/java.lang.Thread.run(Thread.java:1583)
Caused by: com.rabbitmq.client.ShutdownSignalException: connection error
	at com.rabbitmq.utility.ValueOrException.getValue(ValueOrException.java:66)
	at com.rabbitmq.utility.BlockingValueOrException.uninterruptibleGetValue(BlockingValueOrException.java:36)
	at com.rabbitmq.client.impl.AMQChannel$BlockingRpcContinuation.getReply(AMQChannel.java:552)
	at com.rabbitmq.client.impl.AMQConnection.start(AMQConnection.java:336)
	... 9 common frames omitted
Caused by: java.net.SocketException: Connection reset
	at java.base/sun.nio.ch.SocketChannelImpl.throwConnectionReset(SocketChannelImpl.java:401)
	at java.base/sun.nio.ch.SocketChannelImpl.read(SocketChannelImpl.java:434)
	at com.rabbitmq.client.impl.nio.NioHelper.read(NioHelper.java:25)
	at com.rabbitmq.client.impl.nio.SocketChannelFrameHandlerState.prepareForReadSequence(SocketChannelFrameHandlerState.java:192)
	at com.rabbitmq.client.impl.nio.NioLoop.run(NioLoop.java:153)
	... 1 common frames omitted

2024-11-12 01:51:49.690 ERROR 53201 --- [rabbitmq-connection-shutdown-amqp://guest@192.168.31.244:31688/] c.r.c.impl.ForgivingExceptionHandler     : An unexpected connection driver error occurred

com.rabbitmq.client.MissedHeartbeatException: Detected missed server heartbeats, heartbeat interval: 60 seconds, RabbitMQ node hostname: 192.168.31.244
	at com.rabbitmq.client.impl.AMQConnection.handleHeartbeatFailure(AMQConnection.java:776)
	at com.rabbitmq.client.impl.nio.NioLoop.lambda$handleHeartbeatFailure$0(NioLoop.java:281)
	at java.base/java.lang.Thread.run(Thread.java:1583)

2024-11-12 02:08:37.218 ERROR 53201 --- [rabbitmq-connection-shutdown-amqp://guest@192.168.31.244:31688/] c.r.c.impl.ForgivingExceptionHandler     : An unexpected connection driver error occurred

com.rabbitmq.client.MissedHeartbeatException: Detected missed server heartbeats, heartbeat interval: 60 seconds, RabbitMQ node hostname: 192.168.31.244
	at com.rabbitmq.client.impl.AMQConnection.handleHeartbeatFailure(AMQConnection.java:776)
	at com.rabbitmq.client.impl.nio.NioLoop.lambda$handleHeartbeatFailure$0(NioLoop.java:281)
	at java.base/java.lang.Thread.run(Thread.java:1583)

2024-11-12 02:33:01.813 ERROR 53201 --- [rabbitmq-connection-shutdown-amqp://guest@192.168.31.244:31688/] c.r.c.impl.ForgivingExceptionHandler     : An unexpected connection driver error occurred

com.rabbitmq.client.MissedHeartbeatException: Detected missed server heartbeats, heartbeat interval: 60 seconds, RabbitMQ node hostname: 192.168.31.244
	at com.rabbitmq.client.impl.AMQConnection.handleHeartbeatFailure(AMQConnection.java:776)
	at com.rabbitmq.client.impl.nio.NioLoop.lambda$handleHeartbeatFailure$0(NioLoop.java:281)
	at java.base/java.lang.Thread.run(Thread.java:1583)

2024-11-12 02:40:04.307 ERROR 53201 --- [rabbitmq-connection-shutdown-amqp://guest@192.168.31.244:31688/] c.r.c.impl.ForgivingExceptionHandler     : An unexpected connection driver error occurred

com.rabbitmq.client.MissedHeartbeatException: Detected missed server heartbeats, heartbeat interval: 60 seconds, RabbitMQ node hostname: 192.168.31.244
	at com.rabbitmq.client.impl.AMQConnection.handleHeartbeatFailure(AMQConnection.java:776)
	at com.rabbitmq.client.impl.nio.NioLoop.lambda$handleHeartbeatFailure$0(NioLoop.java:281)
	at java.base/java.lang.Thread.run(Thread.java:1583)

2024-11-12 02:40:14.326 ERROR 53201 --- [rabbitmq-connection-shutdown-amqp://guest@192.168.31.244:31688/] c.r.c.impl.ForgivingExceptionHandler     : Caught an exception during connection recovery!

java.io.IOException: null
	at com.rabbitmq.client.impl.AMQChannel.wrap(AMQChannel.java:140)
	at com.rabbitmq.client.impl.AMQChannel.wrap(AMQChannel.java:136)
	at com.rabbitmq.client.impl.AMQConnection.start(AMQConnection.java:406)
	at com.rabbitmq.client.impl.recovery.RecoveryAwareAMQConnectionFactory.newConnection(RecoveryAwareAMQConnectionFactory.java:71)
	at com.rabbitmq.client.impl.recovery.AutorecoveringConnection.recoverConnection(AutorecoveringConnection.java:628)
	at com.rabbitmq.client.impl.recovery.AutorecoveringConnection.beginAutomaticRecovery(AutorecoveringConnection.java:589)
	at com.rabbitmq.client.impl.recovery.AutorecoveringConnection.lambda$addAutomaticRecoveryListener$3(AutorecoveringConnection.java:524)
	at com.rabbitmq.client.impl.AMQConnection.notifyRecoveryCanBeginListeners(AMQConnection.java:839)
	at com.rabbitmq.client.impl.AMQConnection.doFinalShutdown(AMQConnection.java:816)
	at com.rabbitmq.client.impl.AMQConnection.handleHeartbeatFailure(AMQConnection.java:781)
	at com.rabbitmq.client.impl.nio.NioLoop.lambda$handleHeartbeatFailure$0(NioLoop.java:281)
	at java.base/java.lang.Thread.run(Thread.java:1583)
Caused by: com.rabbitmq.client.ShutdownSignalException: connection error
	at com.rabbitmq.utility.ValueOrException.getValue(ValueOrException.java:66)
	at com.rabbitmq.utility.BlockingValueOrException.uninterruptibleGetValue(BlockingValueOrException.java:36)
	at com.rabbitmq.client.impl.AMQChannel$BlockingRpcContinuation.getReply(AMQChannel.java:552)
	at com.rabbitmq.client.impl.AMQConnection.start(AMQConnection.java:336)
	... 9 common frames omitted
Caused by: java.net.SocketException: Connection reset
	at java.base/sun.nio.ch.SocketChannelImpl.throwConnectionReset(SocketChannelImpl.java:401)
	at java.base/sun.nio.ch.SocketChannelImpl.read(SocketChannelImpl.java:434)
	at com.rabbitmq.client.impl.nio.NioHelper.read(NioHelper.java:25)
	at com.rabbitmq.client.impl.nio.SocketChannelFrameHandlerState.prepareForReadSequence(SocketChannelFrameHandlerState.java:192)
	at com.rabbitmq.client.impl.nio.NioLoop.run(NioLoop.java:153)
	... 1 common frames omitted

2024-11-12 02:40:16.684 ERROR 53201 --- [boundedElastic-4] s.r.r.rabbitmq.producer.RabbitMQSender   : RabbitMQ queue [demo_event] send failed

com.rabbitmq.client.AlreadyClosedException: connection is already closed due to connection error; cause: com.rabbitmq.client.MissedHeartbeatException: Detected missed server heartbeats, heartbeat interval: 60 seconds, RabbitMQ node hostname: 192.168.31.244
	at com.rabbitmq.client.impl.AMQConnection.ensureIsOpen(AMQConnection.java:181)
	Suppressed: reactor.core.publisher.FluxOnAssembly$OnAssemblyException: 
Assembly trace from producer [reactor.core.publisher.MonoMapFuseable] :
	reactor.core.publisher.Mono.map(Mono.java:3490)
	reactor.rabbitmq.Sender.declareExchange(Sender.java:545)
Error has been observed at the following site(s):
	*________Mono.map ⇢ at reactor.rabbitmq.Sender.declareExchange(Sender.java:545)
	|_   Mono.flatMap ⇢ at reactor.rabbitmq.Sender.declareExchange(Sender.java:551)
	|_   Mono.flatMap ⇢ at reactor.rabbitmq.Sender.declareExchange(Sender.java:552)
	|_ Mono.publishOn ⇢ at reactor.rabbitmq.Sender.declareExchange(Sender.java:553)
	*_______Mono.then ⇢ at sh.rime.reactor.rabbitmq.producer.RabbitMQSender.send(RabbitMQSender.java:70)
	|_  Mono.thenMany ⇢ at sh.rime.reactor.rabbitmq.producer.RabbitMQSender.send(RabbitMQSender.java:71)
	*___Mono.thenMany ⇢ at sh.rime.reactor.rabbitmq.producer.RabbitMQSender.send(RabbitMQSender.java:71)
	|_  Mono.thenMany ⇢ at sh.rime.reactor.rabbitmq.producer.RabbitMQSender.send(RabbitMQSender.java:71)
Original Stack Trace:
		at com.rabbitmq.client.impl.AMQConnection.ensureIsOpen(AMQConnection.java:181)
		at com.rabbitmq.client.impl.AMQConnection.createChannel(AMQConnection.java:635)
		at com.rabbitmq.client.impl.recovery.AutorecoveringConnection.createChannel(AutorecoveringConnection.java:174)
		at reactor.rabbitmq.ChannelProxy.openNewChannelIfNecessary(ChannelProxy.java:565)
		at reactor.rabbitmq.ChannelProxy.asyncCompletableRpc(ChannelProxy.java:554)
		at reactor.rabbitmq.Sender.lambda$declareExchange$16(Sender.java:547)
		at reactor.core.publisher.FluxMapFuseable$MapFuseableSubscriber.onNext(FluxMapFuseable.java:113)
		at reactor.core.publisher.Operators$MonoSubscriber.complete(Operators.java:1865)
		at reactor.core.publisher.MonoCacheTime.subscribeOrReturn(MonoCacheTime.java:151)
		at reactor.core.publisher.Mono.subscribe(Mono.java:4560)
		at reactor.core.publisher.MonoIgnoreThen$ThenIgnoreMain.subscribeNext(MonoIgnoreThen.java:265)
		at reactor.core.publisher.MonoIgnoreThen.subscribe(MonoIgnoreThen.java:51)
		at reactor.core.publisher.Mono.subscribe(Mono.java:4576)
		at reactor.core.publisher.FluxConcatArray$ConcatArraySubscriber.onComplete(FluxConcatArray.java:238)
		at reactor.core.publisher.FluxConcatArray.subscribe(FluxConcatArray.java:79)
		at reactor.core.publisher.Flux.subscribe(Flux.java:8848)
		at reactor.core.publisher.Flux.subscribeWith(Flux.java:8969)
		at reactor.core.publisher.Flux.subscribe(Flux.java:8813)
		at reactor.core.publisher.Flux.subscribe(Flux.java:8737)
		at reactor.core.publisher.Flux.subscribe(Flux.java:8680)
		at sh.rime.reactor.rabbitmq.producer.RabbitMQSender.send(RabbitMQSender.java:73)
		at sh.rime.demo.rest.RabbitMQController.sendMsg(RabbitMQController.java:29)
		at java.base/jdk.internal.reflect.DirectMethodHandleAccessor.invoke(DirectMethodHandleAccessor.java:103)
		at java.base/java.lang.reflect.Method.invoke(Method.java:580)
		at org.springframework.aop.support.AopUtils.invokeJoinpointUsingReflection(AopUtils.java:355)
		at org.springframework.aop.framework.ReflectiveMethodInvocation.invokeJoinpoint(ReflectiveMethodInvocation.java:196)
		at org.springframework.aop.framework.ReflectiveMethodInvocation.proceed(ReflectiveMethodInvocation.java:163)
		at org.springframework.aop.framework.CglibAopProxy$CglibMethodInvocation.proceed(CglibAopProxy.java:768)
		at org.springframework.aop.aspectj.MethodInvocationProceedingJoinPoint.proceed(MethodInvocationProceedingJoinPoint.java:89)
		at sh.rime.reactor.log.aspect.ApiLogAspect.handler(ApiLogAspect.java:72)
		at java.base/jdk.internal.reflect.DirectMethodHandleAccessor.invoke(DirectMethodHandleAccessor.java:103)
		at java.base/java.lang.reflect.Method.invoke(Method.java:580)
		at org.springframework.aop.aspectj.AbstractAspectJAdvice.invokeAdviceMethodWithGivenArgs(AbstractAspectJAdvice.java:637)
		at org.springframework.aop.aspectj.AbstractAspectJAdvice.invokeAdviceMethod(AbstractAspectJAdvice.java:627)
		at org.springframework.aop.aspectj.AspectJAroundAdvice.invoke(AspectJAroundAdvice.java:71)
		at org.springframework.aop.framework.ReflectiveMethodInvocation.proceed(ReflectiveMethodInvocation.java:173)
		at org.springframework.aop.framework.CglibAopProxy$CglibMethodInvocation.proceed(CglibAopProxy.java:768)
		at org.springframework.aop.interceptor.ExposeInvocationInterceptor.invoke(ExposeInvocationInterceptor.java:97)
		at org.springframework.aop.framework.ReflectiveMethodInvocation.proceed(ReflectiveMethodInvocation.java:184)
		at org.springframework.aop.framework.CglibAopProxy$CglibMethodInvocation.proceed(CglibAopProxy.java:768)
		at org.springframework.aop.framework.CglibAopProxy$DynamicAdvisedInterceptor.intercept(CglibAopProxy.java:720)
		at sh.rime.demo.rest.RabbitMQController$$SpringCGLIB$$0.sendMsg(<generated>)
		at java.base/jdk.internal.reflect.DirectMethodHandleAccessor.invoke(DirectMethodHandleAccessor.java:103)
		at java.base/java.lang.reflect.Method.invoke(Method.java:580)
		at org.springframework.web.reactive.result.method.InvocableHandlerMethod.lambda$invoke$0(InvocableHandlerMethod.java:198)
		at reactor.core.publisher.FluxFlatMap.trySubscribeScalarMap(FluxFlatMap.java:153)
		at reactor.core.publisher.MonoFlatMap.subscribeOrReturn(MonoFlatMap.java:53)
		at reactor.core.publisher.InternalMonoOperator.subscribe(InternalMonoOperator.java:63)
		at reactor.core.publisher.MonoDefer.subscribe(MonoDefer.java:53)
		at reactor.core.publisher.InternalMonoOperator.subscribe(InternalMonoOperator.java:76)
		at reactor.core.publisher.MonoIgnoreThen$ThenIgnoreMain.subscribeNext(MonoIgnoreThen.java:241)
		at reactor.core.publisher.MonoIgnoreThen$ThenIgnoreMain.onComplete(MonoIgnoreThen.java:204)
		at reactor.core.publisher.MonoFlatMap$FlatMapMain.onComplete(MonoFlatMap.java:189)
		at reactor.core.publisher.Operators.complete(Operators.java:137)
		at reactor.core.publisher.MonoZip.subscribe(MonoZip.java:121)
		at reactor.core.publisher.Mono.subscribe(Mono.java:4576)
		at reactor.core.publisher.MonoIgnoreThen$ThenIgnoreMain.subscribeNext(MonoIgnoreThen.java:265)
		at reactor.core.publisher.MonoIgnoreThen.subscribe(MonoIgnoreThen.java:51)
		at reactor.core.publisher.InternalMonoOperator.subscribe(InternalMonoOperator.java:76)
		at reactor.core.publisher.MonoFlatMap$FlatMapMain.onNext(MonoFlatMap.java:165)
		at reactor.core.publisher.FluxOnErrorResume$ResumeSubscriber.onNext(FluxOnErrorResume.java:79)
		at reactor.core.publisher.FluxSwitchIfEmpty$SwitchIfEmptySubscriber.onNext(FluxSwitchIfEmpty.java:74)
		at reactor.core.publisher.MonoNext$NextSubscriber.onNext(MonoNext.java:82)
		at reactor.core.publisher.FluxConcatMapNoPrefetch$FluxConcatMapNoPrefetchSubscriber.innerNext(FluxConcatMapNoPrefetch.java:259)
		at reactor.core.publisher.FluxConcatMap$ConcatMapInner.onNext(FluxConcatMap.java:865)
		at reactor.core.publisher.FluxMapFuseable$MapFuseableSubscriber.onNext(FluxMapFuseable.java:129)
		at reactor.core.publisher.MonoPeekTerminal$MonoTerminalPeekSubscriber.onNext(MonoPeekTerminal.java:180)
		at reactor.core.publisher.Operators$ScalarSubscription.request(Operators.java:2571)
		at reactor.core.publisher.MonoPeekTerminal$MonoTerminalPeekSubscriber.request(MonoPeekTerminal.java:139)
		at reactor.core.publisher.FluxMapFuseable$MapFuseableSubscriber.request(FluxMapFuseable.java:171)
		at reactor.core.publisher.Operators$MultiSubscriptionSubscriber.request(Operators.java:2331)
		at reactor.core.publisher.FluxConcatMapNoPrefetch$FluxConcatMapNoPrefetchSubscriber.request(FluxConcatMapNoPrefetch.java:339)
		at reactor.core.publisher.MonoNext$NextSubscriber.request(MonoNext.java:108)
		at reactor.core.publisher.Operators$MultiSubscriptionSubscriber.set(Operators.java:2367)
		at reactor.core.publisher.Operators$MultiSubscriptionSubscriber.onSubscribe(Operators.java:2241)
		at reactor.core.publisher.MonoNext$NextSubscriber.onSubscribe(MonoNext.java:70)
		at reactor.core.publisher.FluxConcatMapNoPrefetch$FluxConcatMapNoPrefetchSubscriber.onSubscribe(FluxConcatMapNoPrefetch.java:164)
		at reactor.core.publisher.FluxIterable.subscribe(FluxIterable.java:201)
		at reactor.core.publisher.FluxIterable.subscribe(FluxIterable.java:83)
		at reactor.core.publisher.InternalMonoOperator.subscribe(InternalMonoOperator.java:76)
		at reactor.core.publisher.MonoDefer.subscribe(MonoDefer.java:53)
		at reactor.core.publisher.InternalMonoOperator.subscribe(InternalMonoOperator.java:76)
		at reactor.core.publisher.MonoDeferContextual.subscribe(MonoDeferContextual.java:55)
		at reactor.core.publisher.InternalMonoOperator.subscribe(InternalMonoOperator.java:76)
		at reactor.core.publisher.MonoDefer.subscribe(MonoDefer.java:53)
		at reactor.core.publisher.Mono.subscribe(Mono.java:4576)
		at reactor.core.publisher.FluxSwitchIfEmpty$SwitchIfEmptySubscriber.onComplete(FluxSwitchIfEmpty.java:82)
		at reactor.core.publisher.MonoPeekTerminal$MonoTerminalPeekSubscriber.onComplete(MonoPeekTerminal.java:299)
		at reactor.core.publisher.MonoPeekTerminal$MonoTerminalPeekSubscriber.onComplete(MonoPeekTerminal.java:299)
		at reactor.core.publisher.MonoFlatMap$FlatMapMain.onNext(MonoFlatMap.java:155)
		at reactor.core.publisher.FluxSwitchIfEmpty$SwitchIfEmptySubscriber.onNext(FluxSwitchIfEmpty.java:74)
		at reactor.core.publisher.FluxFilterFuseable$FilterFuseableSubscriber.onNext(FluxFilterFuseable.java:118)
		at reactor.core.publisher.MonoPeekTerminal$MonoTerminalPeekSubscriber.onNext(MonoPeekTerminal.java:180)
		at reactor.core.publisher.FluxPeekFuseable$PeekFuseableConditionalSubscriber.onNext(FluxPeekFuseable.java:503)
		at reactor.core.publisher.MonoPeekTerminal$MonoTerminalPeekSubscriber.onNext(MonoPeekTerminal.java:180)
		at reactor.core.publisher.FluxDefaultIfEmpty$DefaultIfEmptySubscriber.onNext(FluxDefaultIfEmpty.java:122)
		at reactor.core.publisher.MonoNext$NextSubscriber.onNext(MonoNext.java:82)
		at reactor.core.publisher.FluxConcatMapNoPrefetch$FluxConcatMapNoPrefetchSubscriber.innerNext(FluxConcatMapNoPrefetch.java:259)
		at reactor.core.publisher.FluxConcatMap$ConcatMapInner.onNext(FluxConcatMap.java:865)
		at reactor.core.publisher.MonoFlatMap$FlatMapMain.onNext(MonoFlatMap.java:158)
		at reactor.core.publisher.FluxMapFuseable$MapFuseableSubscriber.onNext(FluxMapFuseable.java:129)
		at reactor.core.publisher.FluxFilter$FilterSubscriber.onNext(FluxFilter.java:113)
		at reactor.core.publisher.Operators$ScalarSubscription.request(Operators.java:2571)
		at reactor.core.publisher.FluxFilter$FilterSubscriber.request(FluxFilter.java:186)
		at reactor.core.publisher.FluxMapFuseable$MapFuseableSubscriber.request(FluxMapFuseable.java:171)
		at reactor.core.publisher.MonoFlatMap$FlatMapMain.request(MonoFlatMap.java:194)
		at reactor.core.publisher.Operators$MultiSubscriptionSubscriber.set(Operators.java:2367)
		at reactor.core.publisher.Operators$MultiSubscriptionSubscriber.onSubscribe(Operators.java:2241)
		at reactor.core.publisher.MonoFlatMap$FlatMapMain.onSubscribe(MonoFlatMap.java:117)
		at reactor.core.publisher.FluxMapFuseable$MapFuseableSubscriber.onSubscribe(FluxMapFuseable.java:96)
		at reactor.core.publisher.FluxFilter$FilterSubscriber.onSubscribe(FluxFilter.java:85)
		at reactor.core.publisher.MonoJust.subscribe(MonoJust.java:55)
		at reactor.core.publisher.Mono.subscribe(Mono.java:4576)
		at reactor.core.publisher.FluxConcatMapNoPrefetch$FluxConcatMapNoPrefetchSubscriber.onNext(FluxConcatMapNoPrefetch.java:207)
		at reactor.core.publisher.FluxIterable$IterableSubscription.slowPath(FluxIterable.java:335)
		at reactor.core.publisher.FluxIterable$IterableSubscription.request(FluxIterable.java:294)
		at reactor.core.publisher.FluxConcatMapNoPrefetch$FluxConcatMapNoPrefetchSubscriber.innerComplete(FluxConcatMapNoPrefetch.java:275)
		at reactor.core.publisher.FluxConcatMap$ConcatMapInner.onComplete(FluxConcatMap.java:889)
		at reactor.core.publisher.MonoFlatMap$FlatMapMain.onComplete(MonoFlatMap.java:189)
		at reactor.core.publisher.FluxMapFuseable$MapFuseableSubscriber.onComplete(FluxMapFuseable.java:152)
		at reactor.core.publisher.FluxFilterFuseable$FilterFuseableSubscriber.onComplete(FluxFilterFuseable.java:171)
		at reactor.core.publisher.FluxPeekFuseable$PeekFuseableConditionalSubscriber.onComplete(FluxPeekFuseable.java:595)
		at reactor.core.publisher.FluxSwitchIfEmpty$SwitchIfEmptySubscriber.onComplete(FluxSwitchIfEmpty.java:85)
		at reactor.core.publisher.Operators$ScalarSubscription.request(Operators.java:2573)
		at reactor.core.publisher.Operators$MultiSubscriptionSubscriber.set(Operators.java:2367)
		at reactor.core.publisher.Operators$MultiSubscriptionSubscriber.onSubscribe(Operators.java:2241)
		at reactor.core.publisher.MonoJust.subscribe(MonoJust.java:55)
		at reactor.core.publisher.Mono.subscribe(Mono.java:4576)
		at reactor.core.publisher.FluxSwitchIfEmpty$SwitchIfEmptySubscriber.onComplete(FluxSwitchIfEmpty.java:82)
		at reactor.core.publisher.MonoNext$NextSubscriber.onComplete(MonoNext.java:102)
		at reactor.core.publisher.FluxFilterFuseable$FilterFuseableSubscriber.onComplete(FluxFilterFuseable.java:171)
		at reactor.core.publisher.FluxFlatMap$FlatMapMain.checkTerminated(FluxFlatMap.java:850)
		at reactor.core.publisher.FluxFlatMap$FlatMapMain.drainLoop(FluxFlatMap.java:612)
		at reactor.core.publisher.FluxFlatMap$FlatMapMain.drain(FluxFlatMap.java:592)
		at reactor.core.publisher.FluxFlatMap$FlatMapMain.request(FluxFlatMap.java:349)
		at reactor.core.publisher.FluxFilterFuseable$FilterFuseableSubscriber.request(FluxFilterFuseable.java:191)
		at reactor.core.publisher.MonoNext$NextSubscriber.request(MonoNext.java:108)
		at reactor.core.publisher.Operators$MultiSubscriptionSubscriber.request(Operators.java:2331)
		at reactor.core.publisher.FluxPeekFuseable$PeekFuseableConditionalSubscriber.request(FluxPeekFuseable.java:437)
		at reactor.core.publisher.FluxFilterFuseable$FilterFuseableSubscriber.request(FluxFilterFuseable.java:191)
		at reactor.core.publisher.FluxMapFuseable$MapFuseableSubscriber.request(FluxMapFuseable.java:171)
		at reactor.core.publisher.MonoFlatMap$FlatMapMain.request(MonoFlatMap.java:194)
		at reactor.core.publisher.Operators$MultiSubscriptionSubscriber.request(Operators.java:2331)
		at reactor.core.publisher.FluxConcatMapNoPrefetch$FluxConcatMapNoPrefetchSubscriber.request(FluxConcatMapNoPrefetch.java:339)
		at reactor.core.publisher.MonoNext$NextSubscriber.request(MonoNext.java:108)
		at reactor.core.publisher.FluxDefaultIfEmpty$DefaultIfEmptySubscriber.request(FluxDefaultIfEmpty.java:98)
		at reactor.core.publisher.MonoPeekTerminal$MonoTerminalPeekSubscriber.request(MonoPeekTerminal.java:139)
		at reactor.core.publisher.FluxPeekFuseable$PeekFuseableConditionalSubscriber.request(FluxPeekFuseable.java:437)
		at reactor.core.publisher.MonoPeekTerminal$MonoTerminalPeekSubscriber.request(MonoPeekTerminal.java:139)
		at reactor.core.publisher.FluxFilterFuseable$FilterFuseableSubscriber.request(FluxFilterFuseable.java:191)
		at reactor.core.publisher.Operators$MultiSubscriptionSubscriber.set(Operators.java:2367)
		at reactor.core.publisher.Operators$MultiSubscriptionSubscriber.onSubscribe(Operators.java:2241)
		at reactor.core.publisher.FluxFilterFuseable$FilterFuseableSubscriber.onSubscribe(FluxFilterFuseable.java:87)
		at reactor.core.publisher.MonoPeekTerminal$MonoTerminalPeekSubscriber.onSubscribe(MonoPeekTerminal.java:152)
		at reactor.core.publisher.FluxPeekFuseable$PeekFuseableConditionalSubscriber.onSubscribe(FluxPeekFuseable.java:471)
		at reactor.core.publisher.MonoPeekTerminal$MonoTerminalPeekSubscriber.onSubscribe(MonoPeekTerminal.java:152)
		at reactor.core.publisher.Operators$BaseFluxToMonoOperator.onSubscribe(Operators.java:2051)
		at reactor.core.publisher.MonoNext$NextSubscriber.onSubscribe(MonoNext.java:70)
		at reactor.core.publisher.FluxConcatMapNoPrefetch$FluxConcatMapNoPrefetchSubscriber.onSubscribe(FluxConcatMapNoPrefetch.java:164)
		at reactor.core.publisher.FluxIterable.subscribe(FluxIterable.java:201)
		at reactor.core.publisher.FluxIterable.subscribe(FluxIterable.java:83)
		at reactor.core.publisher.InternalMonoOperator.subscribe(InternalMonoOperator.java:76)
		at reactor.core.publisher.MonoDeferContextual.subscribe(MonoDeferContextual.java:55)
		at reactor.core.publisher.InternalMonoOperator.subscribe(InternalMonoOperator.java:76)
		at reactor.core.publisher.MonoDefer.subscribe(MonoDefer.java:53)
		at reactor.core.publisher.InternalMonoOperator.subscribe(InternalMonoOperator.java:76)
		at reactor.core.publisher.MonoDefer.subscribe(MonoDefer.java:53)
		at reactor.core.publisher.Mono.subscribe(Mono.java:4576)
		at reactor.core.publisher.MonoIgnoreThen$ThenIgnoreMain.subscribeNext(MonoIgnoreThen.java:265)
		at reactor.core.publisher.MonoIgnoreThen.subscribe(MonoIgnoreThen.java:51)
		at reactor.core.publisher.Mono.subscribe(Mono.java:4576)
		at reactor.core.publisher.FluxSwitchIfEmpty$SwitchIfEmptySubscriber.onComplete(FluxSwitchIfEmpty.java:82)
		at reactor.core.publisher.FluxFilterFuseable$FilterFuseableSubscriber.onComplete(FluxFilterFuseable.java:171)
		at reactor.core.publisher.FluxPeekFuseable$PeekFuseableConditionalSubscriber.onComplete(FluxPeekFuseable.java:595)
		at reactor.core.publisher.FluxSwitchIfEmpty$SwitchIfEmptySubscriber.onComplete(FluxSwitchIfEmpty.java:85)
		at reactor.core.publisher.Operators$ScalarSubscription.request(Operators.java:2573)
		at reactor.core.publisher.Operators$MultiSubscriptionSubscriber.set(Operators.java:2367)
		at reactor.core.publisher.Operators$MultiSubscriptionSubscriber.onSubscribe(Operators.java:2241)
		at reactor.core.publisher.MonoJust.subscribe(MonoJust.java:55)
		at reactor.core.publisher.Mono.subscribe(Mono.java:4576)
		at reactor.core.publisher.FluxSwitchIfEmpty$SwitchIfEmptySubscriber.onComplete(FluxSwitchIfEmpty.java:82)
		at reactor.core.publisher.MonoNext$NextSubscriber.onComplete(MonoNext.java:102)
		at reactor.core.publisher.FluxFilterFuseable$FilterFuseableSubscriber.onComplete(FluxFilterFuseable.java:171)
		at reactor.core.publisher.FluxFlatMap$FlatMapMain.checkTerminated(FluxFlatMap.java:850)
		at reactor.core.publisher.FluxFlatMap$FlatMapMain.drainLoop(FluxFlatMap.java:612)
		at reactor.core.publisher.FluxFlatMap$FlatMapMain.drain(FluxFlatMap.java:592)
		at reactor.core.publisher.FluxFlatMap$FlatMapMain.onComplete(FluxFlatMap.java:469)
		at reactor.core.publisher.FluxPeekFuseable$PeekFuseableSubscriber.onComplete(FluxPeekFuseable.java:277)
		at reactor.core.publisher.FluxIterable$IterableSubscription.slowPath(FluxIterable.java:357)
		at reactor.core.publisher.FluxIterable$IterableSubscription.request(FluxIterable.java:294)
		at reactor.core.publisher.FluxPeekFuseable$PeekFuseableSubscriber.request(FluxPeekFuseable.java:144)
		at reactor.core.publisher.FluxFlatMap$FlatMapMain.onSubscribe(FluxFlatMap.java:373)
		at reactor.core.publisher.FluxPeekFuseable$PeekFuseableSubscriber.onSubscribe(FluxPeekFuseable.java:178)
		at reactor.core.publisher.FluxIterable.subscribe(FluxIterable.java:201)
		at reactor.core.publisher.FluxIterable.subscribe(FluxIterable.java:83)
		at reactor.core.publisher.InternalMonoOperator.subscribe(InternalMonoOperator.java:76)
		at reactor.core.publisher.MonoDefer.subscribe(MonoDefer.java:53)
		at reactor.core.publisher.InternalMonoOperator.subscribe(InternalMonoOperator.java:76)
		at reactor.core.publisher.MonoFlatMap$FlatMapMain.onNext(MonoFlatMap.java:165)
		at reactor.core.publisher.Operators$BaseFluxToMonoOperator.completePossiblyEmpty(Operators.java:2097)
		at reactor.core.publisher.FluxDefaultIfEmpty$DefaultIfEmptySubscriber.onComplete(FluxDefaultIfEmpty.java:134)
		at reactor.core.publisher.FluxMapFuseable$MapFuseableSubscriber.onComplete(FluxMapFuseable.java:152)
		at reactor.core.publisher.FluxMapFuseable$MapFuseableSubscriber.onComplete(FluxMapFuseable.java:152)
		at reactor.core.publisher.FluxFilterFuseable$FilterFuseableSubscriber.onComplete(FluxFilterFuseable.java:171)
		at reactor.core.publisher.FluxMapFuseable$MapFuseableConditionalSubscriber.onComplete(FluxMapFuseable.java:350)
		at reactor.core.publisher.Operators$MonoSubscriber.complete(Operators.java:1866)
		at reactor.core.publisher.MonoCacheTime$CoordinatorSubscriber.signalCached(MonoCacheTime.java:337)
		at reactor.core.publisher.MonoCacheTime$CoordinatorSubscriber.onNext(MonoCacheTime.java:354)
		at reactor.core.publisher.FluxPeekFuseable$PeekFuseableSubscriber.onNext(FluxPeekFuseable.java:210)
		at reactor.core.publisher.FluxSwitchIfEmpty$SwitchIfEmptySubscriber.onNext(FluxSwitchIfEmpty.java:74)
		at reactor.core.publisher.MonoPeekTerminal$MonoTerminalPeekSubscriber.onNext(MonoPeekTerminal.java:180)
		at reactor.core.publisher.MonoPublishOn$PublishOnSubscriber.run(MonoPublishOn.java:181)
		at reactor.core.scheduler.SchedulerTask.call(SchedulerTask.java:68)
		at reactor.core.scheduler.SchedulerTask.call(SchedulerTask.java:28)
		at java.base/java.util.concurrent.FutureTask.run$$$capture(FutureTask.java:317)
		at java.base/java.util.concurrent.FutureTask.run(FutureTask.java)
		at java.base/java.util.concurrent.ScheduledThreadPoolExecutor$ScheduledFutureTask.run(ScheduledThreadPoolExecutor.java:304)
		at java.base/java.util.concurrent.ThreadPoolExecutor.runWorker(ThreadPoolExecutor.java:1144)
		at java.base/java.util.concurrent.ThreadPoolExecutor$Worker.run(ThreadPoolExecutor.java:642)
		at java.base/java.lang.Thread.run(Thread.java:1583)

2024-11-12 02:40:16.692 ERROR 53201 --- [boundedElastic-4] reactor.core.publisher.Operators         : Operator called default onErrorDropped

reactor.core.Exceptions$ErrorCallbackNotImplemented: com.rabbitmq.client.AlreadyClosedException: connection is already closed due to connection error; cause: com.rabbitmq.client.MissedHeartbeatException: Detected missed server heartbeats, heartbeat interval: 60 seconds, RabbitMQ node hostname: 192.168.31.244
Caused by: com.rabbitmq.client.AlreadyClosedException: connection is already closed due to connection error; cause: com.rabbitmq.client.MissedHeartbeatException: Detected missed server heartbeats, heartbeat interval: 60 seconds, RabbitMQ node hostname: 192.168.31.244
	at com.rabbitmq.client.impl.AMQConnection.ensureIsOpen(AMQConnection.java:181)
	Suppressed: reactor.core.publisher.FluxOnAssembly$OnAssemblyException: 
Assembly trace from producer [reactor.core.publisher.MonoMapFuseable] :
	reactor.core.publisher.Mono.map(Mono.java:3490)
	reactor.rabbitmq.Sender.declareExchange(Sender.java:545)
Error has been observed at the following site(s):
	*________Mono.map ⇢ at reactor.rabbitmq.Sender.declareExchange(Sender.java:545)
	|_   Mono.flatMap ⇢ at reactor.rabbitmq.Sender.declareExchange(Sender.java:551)
	|_   Mono.flatMap ⇢ at reactor.rabbitmq.Sender.declareExchange(Sender.java:552)
	|_ Mono.publishOn ⇢ at reactor.rabbitmq.Sender.declareExchange(Sender.java:553)
	*_______Mono.then ⇢ at sh.rime.reactor.rabbitmq.producer.RabbitMQSender.send(RabbitMQSender.java:70)
	|_  Mono.thenMany ⇢ at sh.rime.reactor.rabbitmq.producer.RabbitMQSender.send(RabbitMQSender.java:71)
	*___Mono.thenMany ⇢ at sh.rime.reactor.rabbitmq.producer.RabbitMQSender.send(RabbitMQSender.java:71)
	|_  Mono.thenMany ⇢ at sh.rime.reactor.rabbitmq.producer.RabbitMQSender.send(RabbitMQSender.java:71)
	|_ Flux.doOnError ⇢ at sh.rime.reactor.rabbitmq.producer.RabbitMQSender.send(RabbitMQSender.java:72)
Original Stack Trace:
		at com.rabbitmq.client.impl.AMQConnection.ensureIsOpen(AMQConnection.java:181)
		at com.rabbitmq.client.impl.AMQConnection.createChannel(AMQConnection.java:635)
		at com.rabbitmq.client.impl.recovery.AutorecoveringConnection.createChannel(AutorecoveringConnection.java:174)
		at reactor.rabbitmq.ChannelProxy.openNewChannelIfNecessary(ChannelProxy.java:565)
		at reactor.rabbitmq.ChannelProxy.asyncCompletableRpc(ChannelProxy.java:554)
		at reactor.rabbitmq.Sender.lambda$declareExchange$16(Sender.java:547)
		at reactor.core.publisher.FluxMapFuseable$MapFuseableSubscriber.onNext(FluxMapFuseable.java:113)
		at reactor.core.publisher.Operators$MonoSubscriber.complete(Operators.java:1865)
		at reactor.core.publisher.MonoCacheTime.subscribeOrReturn(MonoCacheTime.java:151)
		at reactor.core.publisher.Mono.subscribe(Mono.java:4560)
		at reactor.core.publisher.MonoIgnoreThen$ThenIgnoreMain.subscribeNext(MonoIgnoreThen.java:265)
		at reactor.core.publisher.MonoIgnoreThen.subscribe(MonoIgnoreThen.java:51)
		at reactor.core.publisher.Mono.subscribe(Mono.java:4576)
		at reactor.core.publisher.FluxConcatArray$ConcatArraySubscriber.onComplete(FluxConcatArray.java:238)
		at reactor.core.publisher.FluxConcatArray.subscribe(FluxConcatArray.java:79)
		at reactor.core.publisher.Flux.subscribe(Flux.java:8848)
		at reactor.core.publisher.Flux.subscribeWith(Flux.java:8969)
		at reactor.core.publisher.Flux.subscribe(Flux.java:8813)
		at reactor.core.publisher.Flux.subscribe(Flux.java:8737)
		at reactor.core.publisher.Flux.subscribe(Flux.java:8680)
		at sh.rime.reactor.rabbitmq.producer.RabbitMQSender.send(RabbitMQSender.java:73)
		at sh.rime.demo.rest.RabbitMQController.sendMsg(RabbitMQController.java:29)
		at java.base/jdk.internal.reflect.DirectMethodHandleAccessor.invoke(DirectMethodHandleAccessor.java:103)
		at java.base/java.lang.reflect.Method.invoke(Method.java:580)
		at org.springframework.aop.support.AopUtils.invokeJoinpointUsingReflection(AopUtils.java:355)
		at org.springframework.aop.framework.ReflectiveMethodInvocation.invokeJoinpoint(ReflectiveMethodInvocation.java:196)
		at org.springframework.aop.framework.ReflectiveMethodInvocation.proceed(ReflectiveMethodInvocation.java:163)
		at org.springframework.aop.framework.CglibAopProxy$CglibMethodInvocation.proceed(CglibAopProxy.java:768)
		at org.springframework.aop.aspectj.MethodInvocationProceedingJoinPoint.proceed(MethodInvocationProceedingJoinPoint.java:89)
		at sh.rime.reactor.log.aspect.ApiLogAspect.handler(ApiLogAspect.java:72)
		at java.base/jdk.internal.reflect.DirectMethodHandleAccessor.invoke(DirectMethodHandleAccessor.java:103)
		at java.base/java.lang.reflect.Method.invoke(Method.java:580)
		at org.springframework.aop.aspectj.AbstractAspectJAdvice.invokeAdviceMethodWithGivenArgs(AbstractAspectJAdvice.java:637)
		at org.springframework.aop.aspectj.AbstractAspectJAdvice.invokeAdviceMethod(AbstractAspectJAdvice.java:627)
		at org.springframework.aop.aspectj.AspectJAroundAdvice.invoke(AspectJAroundAdvice.java:71)
		at org.springframework.aop.framework.ReflectiveMethodInvocation.proceed(ReflectiveMethodInvocation.java:173)
		at org.springframework.aop.framework.CglibAopProxy$CglibMethodInvocation.proceed(CglibAopProxy.java:768)
		at org.springframework.aop.interceptor.ExposeInvocationInterceptor.invoke(ExposeInvocationInterceptor.java:97)
		at org.springframework.aop.framework.ReflectiveMethodInvocation.proceed(ReflectiveMethodInvocation.java:184)
		at org.springframework.aop.framework.CglibAopProxy$CglibMethodInvocation.proceed(CglibAopProxy.java:768)
		at org.springframework.aop.framework.CglibAopProxy$DynamicAdvisedInterceptor.intercept(CglibAopProxy.java:720)
		at sh.rime.demo.rest.RabbitMQController$$SpringCGLIB$$0.sendMsg(<generated>)
		at java.base/jdk.internal.reflect.DirectMethodHandleAccessor.invoke(DirectMethodHandleAccessor.java:103)
		at java.base/java.lang.reflect.Method.invoke(Method.java:580)
		at org.springframework.web.reactive.result.method.InvocableHandlerMethod.lambda$invoke$0(InvocableHandlerMethod.java:198)
		at reactor.core.publisher.FluxFlatMap.trySubscribeScalarMap(FluxFlatMap.java:153)
		at reactor.core.publisher.MonoFlatMap.subscribeOrReturn(MonoFlatMap.java:53)
		at reactor.core.publisher.InternalMonoOperator.subscribe(InternalMonoOperator.java:63)
		at reactor.core.publisher.MonoDefer.subscribe(MonoDefer.java:53)
		at reactor.core.publisher.InternalMonoOperator.subscribe(InternalMonoOperator.java:76)
		at reactor.core.publisher.MonoIgnoreThen$ThenIgnoreMain.subscribeNext(MonoIgnoreThen.java:241)
		at reactor.core.publisher.MonoIgnoreThen$ThenIgnoreMain.onComplete(MonoIgnoreThen.java:204)
		at reactor.core.publisher.MonoFlatMap$FlatMapMain.onComplete(MonoFlatMap.java:189)
		at reactor.core.publisher.Operators.complete(Operators.java:137)
		at reactor.core.publisher.MonoZip.subscribe(MonoZip.java:121)
		at reactor.core.publisher.Mono.subscribe(Mono.java:4576)
		at reactor.core.publisher.MonoIgnoreThen$ThenIgnoreMain.subscribeNext(MonoIgnoreThen.java:265)
		at reactor.core.publisher.MonoIgnoreThen.subscribe(MonoIgnoreThen.java:51)
		at reactor.core.publisher.InternalMonoOperator.subscribe(InternalMonoOperator.java:76)
		at reactor.core.publisher.MonoFlatMap$FlatMapMain.onNext(MonoFlatMap.java:165)
		at reactor.core.publisher.FluxOnErrorResume$ResumeSubscriber.onNext(FluxOnErrorResume.java:79)
		at reactor.core.publisher.FluxSwitchIfEmpty$SwitchIfEmptySubscriber.onNext(FluxSwitchIfEmpty.java:74)
		at reactor.core.publisher.MonoNext$NextSubscriber.onNext(MonoNext.java:82)
		at reactor.core.publisher.FluxConcatMapNoPrefetch$FluxConcatMapNoPrefetchSubscriber.innerNext(FluxConcatMapNoPrefetch.java:259)
		at reactor.core.publisher.FluxConcatMap$ConcatMapInner.onNext(FluxConcatMap.java:865)
		at reactor.core.publisher.FluxMapFuseable$MapFuseableSubscriber.onNext(FluxMapFuseable.java:129)
		at reactor.core.publisher.MonoPeekTerminal$MonoTerminalPeekSubscriber.onNext(MonoPeekTerminal.java:180)
		at reactor.core.publisher.Operators$ScalarSubscription.request(Operators.java:2571)
		at reactor.core.publisher.MonoPeekTerminal$MonoTerminalPeekSubscriber.request(MonoPeekTerminal.java:139)
		at reactor.core.publisher.FluxMapFuseable$MapFuseableSubscriber.request(FluxMapFuseable.java:171)
		at reactor.core.publisher.Operators$MultiSubscriptionSubscriber.request(Operators.java:2331)
		at reactor.core.publisher.FluxConcatMapNoPrefetch$FluxConcatMapNoPrefetchSubscriber.request(FluxConcatMapNoPrefetch.java:339)
		at reactor.core.publisher.MonoNext$NextSubscriber.request(MonoNext.java:108)
		at reactor.core.publisher.Operators$MultiSubscriptionSubscriber.set(Operators.java:2367)
		at reactor.core.publisher.Operators$MultiSubscriptionSubscriber.onSubscribe(Operators.java:2241)
		at reactor.core.publisher.MonoNext$NextSubscriber.onSubscribe(MonoNext.java:70)
		at reactor.core.publisher.FluxConcatMapNoPrefetch$FluxConcatMapNoPrefetchSubscriber.onSubscribe(FluxConcatMapNoPrefetch.java:164)
		at reactor.core.publisher.FluxIterable.subscribe(FluxIterable.java:201)
		at reactor.core.publisher.FluxIterable.subscribe(FluxIterable.java:83)
		at reactor.core.publisher.InternalMonoOperator.subscribe(InternalMonoOperator.java:76)
		at reactor.core.publisher.MonoDefer.subscribe(MonoDefer.java:53)
		at reactor.core.publisher.InternalMonoOperator.subscribe(InternalMonoOperator.java:76)
		at reactor.core.publisher.MonoDeferContextual.subscribe(MonoDeferContextual.java:55)
		at reactor.core.publisher.InternalMonoOperator.subscribe(InternalMonoOperator.java:76)
		at reactor.core.publisher.MonoDefer.subscribe(MonoDefer.java:53)
		at reactor.core.publisher.Mono.subscribe(Mono.java:4576)
		at reactor.core.publisher.FluxSwitchIfEmpty$SwitchIfEmptySubscriber.onComplete(FluxSwitchIfEmpty.java:82)
		at reactor.core.publisher.MonoPeekTerminal$MonoTerminalPeekSubscriber.onComplete(MonoPeekTerminal.java:299)
		at reactor.core.publisher.MonoPeekTerminal$MonoTerminalPeekSubscriber.onComplete(MonoPeekTerminal.java:299)
		at reactor.core.publisher.MonoFlatMap$FlatMapMain.onNext(MonoFlatMap.java:155)
		at reactor.core.publisher.FluxSwitchIfEmpty$SwitchIfEmptySubscriber.onNext(FluxSwitchIfEmpty.java:74)
		at reactor.core.publisher.FluxFilterFuseable$FilterFuseableSubscriber.onNext(FluxFilterFuseable.java:118)
		at reactor.core.publisher.MonoPeekTerminal$MonoTerminalPeekSubscriber.onNext(MonoPeekTerminal.java:180)
		at reactor.core.publisher.FluxPeekFuseable$PeekFuseableConditionalSubscriber.onNext(FluxPeekFuseable.java:503)
		at reactor.core.publisher.MonoPeekTerminal$MonoTerminalPeekSubscriber.onNext(MonoPeekTerminal.java:180)
		at reactor.core.publisher.FluxDefaultIfEmpty$DefaultIfEmptySubscriber.onNext(FluxDefaultIfEmpty.java:122)
		at reactor.core.publisher.MonoNext$NextSubscriber.onNext(MonoNext.java:82)
		at reactor.core.publisher.FluxConcatMapNoPrefetch$FluxConcatMapNoPrefetchSubscriber.innerNext(FluxConcatMapNoPrefetch.java:259)
		at reactor.core.publisher.FluxConcatMap$ConcatMapInner.onNext(FluxConcatMap.java:865)
		at reactor.core.publisher.MonoFlatMap$FlatMapMain.onNext(MonoFlatMap.java:158)
		at reactor.core.publisher.FluxMapFuseable$MapFuseableSubscriber.onNext(FluxMapFuseable.java:129)
		at reactor.core.publisher.FluxFilter$FilterSubscriber.onNext(FluxFilter.java:113)
		at reactor.core.publisher.Operators$ScalarSubscription.request(Operators.java:2571)
		at reactor.core.publisher.FluxFilter$FilterSubscriber.request(FluxFilter.java:186)
		at reactor.core.publisher.FluxMapFuseable$MapFuseableSubscriber.request(FluxMapFuseable.java:171)
		at reactor.core.publisher.MonoFlatMap$FlatMapMain.request(MonoFlatMap.java:194)
		at reactor.core.publisher.Operators$MultiSubscriptionSubscriber.set(Operators.java:2367)
		at reactor.core.publisher.Operators$MultiSubscriptionSubscriber.onSubscribe(Operators.java:2241)
		at reactor.core.publisher.MonoFlatMap$FlatMapMain.onSubscribe(MonoFlatMap.java:117)
		at reactor.core.publisher.FluxMapFuseable$MapFuseableSubscriber.onSubscribe(FluxMapFuseable.java:96)
		at reactor.core.publisher.FluxFilter$FilterSubscriber.onSubscribe(FluxFilter.java:85)
		at reactor.core.publisher.MonoJust.subscribe(MonoJust.java:55)
		at reactor.core.publisher.Mono.subscribe(Mono.java:4576)
		at reactor.core.publisher.FluxConcatMapNoPrefetch$FluxConcatMapNoPrefetchSubscriber.onNext(FluxConcatMapNoPrefetch.java:207)
		at reactor.core.publisher.FluxIterable$IterableSubscription.slowPath(FluxIterable.java:335)
		at reactor.core.publisher.FluxIterable$IterableSubscription.request(FluxIterable.java:294)
		at reactor.core.publisher.FluxConcatMapNoPrefetch$FluxConcatMapNoPrefetchSubscriber.innerComplete(FluxConcatMapNoPrefetch.java:275)
		at reactor.core.publisher.FluxConcatMap$ConcatMapInner.onComplete(FluxConcatMap.java:889)
		at reactor.core.publisher.MonoFlatMap$FlatMapMain.onComplete(MonoFlatMap.java:189)
		at reactor.core.publisher.FluxMapFuseable$MapFuseableSubscriber.onComplete(FluxMapFuseable.java:152)
		at reactor.core.publisher.FluxFilterFuseable$FilterFuseableSubscriber.onComplete(FluxFilterFuseable.java:171)
		at reactor.core.publisher.FluxPeekFuseable$PeekFuseableConditionalSubscriber.onComplete(FluxPeekFuseable.java:595)
		at reactor.core.publisher.FluxSwitchIfEmpty$SwitchIfEmptySubscriber.onComplete(FluxSwitchIfEmpty.java:85)
		at reactor.core.publisher.Operators$ScalarSubscription.request(Operators.java:2573)
		at reactor.core.publisher.Operators$MultiSubscriptionSubscriber.set(Operators.java:2367)
		at reactor.core.publisher.Operators$MultiSubscriptionSubscriber.onSubscribe(Operators.java:2241)
		at reactor.core.publisher.MonoJust.subscribe(MonoJust.java:55)
		at reactor.core.publisher.Mono.subscribe(Mono.java:4576)
		at reactor.core.publisher.FluxSwitchIfEmpty$SwitchIfEmptySubscriber.onComplete(FluxSwitchIfEmpty.java:82)
		at reactor.core.publisher.MonoNext$NextSubscriber.onComplete(MonoNext.java:102)
		at reactor.core.publisher.FluxFilterFuseable$FilterFuseableSubscriber.onComplete(FluxFilterFuseable.java:171)
		at reactor.core.publisher.FluxFlatMap$FlatMapMain.checkTerminated(FluxFlatMap.java:850)
		at reactor.core.publisher.FluxFlatMap$FlatMapMain.drainLoop(FluxFlatMap.java:612)
		at reactor.core.publisher.FluxFlatMap$FlatMapMain.drain(FluxFlatMap.java:592)
		at reactor.core.publisher.FluxFlatMap$FlatMapMain.request(FluxFlatMap.java:349)
		at reactor.core.publisher.FluxFilterFuseable$FilterFuseableSubscriber.request(FluxFilterFuseable.java:191)
		at reactor.core.publisher.MonoNext$NextSubscriber.request(MonoNext.java:108)
		at reactor.core.publisher.Operators$MultiSubscriptionSubscriber.request(Operators.java:2331)
		at reactor.core.publisher.FluxPeekFuseable$PeekFuseableConditionalSubscriber.request(FluxPeekFuseable.java:437)
		at reactor.core.publisher.FluxFilterFuseable$FilterFuseableSubscriber.request(FluxFilterFuseable.java:191)
		at reactor.core.publisher.FluxMapFuseable$MapFuseableSubscriber.request(FluxMapFuseable.java:171)
		at reactor.core.publisher.MonoFlatMap$FlatMapMain.request(MonoFlatMap.java:194)
		at reactor.core.publisher.Operators$MultiSubscriptionSubscriber.request(Operators.java:2331)
		at reactor.core.publisher.FluxConcatMapNoPrefetch$FluxConcatMapNoPrefetchSubscriber.request(FluxConcatMapNoPrefetch.java:339)
		at reactor.core.publisher.MonoNext$NextSubscriber.request(MonoNext.java:108)
		at reactor.core.publisher.FluxDefaultIfEmpty$DefaultIfEmptySubscriber.request(FluxDefaultIfEmpty.java:98)
		at reactor.core.publisher.MonoPeekTerminal$MonoTerminalPeekSubscriber.request(MonoPeekTerminal.java:139)
		at reactor.core.publisher.FluxPeekFuseable$PeekFuseableConditionalSubscriber.request(FluxPeekFuseable.java:437)
		at reactor.core.publisher.MonoPeekTerminal$MonoTerminalPeekSubscriber.request(MonoPeekTerminal.java:139)
		at reactor.core.publisher.FluxFilterFuseable$FilterFuseableSubscriber.request(FluxFilterFuseable.java:191)
		at reactor.core.publisher.Operators$MultiSubscriptionSubscriber.set(Operators.java:2367)
		at reactor.core.publisher.Operators$MultiSubscriptionSubscriber.onSubscribe(Operators.java:2241)
		at reactor.core.publisher.FluxFilterFuseable$FilterFuseableSubscriber.onSubscribe(FluxFilterFuseable.java:87)
		at reactor.core.publisher.MonoPeekTerminal$MonoTerminalPeekSubscriber.onSubscribe(MonoPeekTerminal.java:152)
		at reactor.core.publisher.FluxPeekFuseable$PeekFuseableConditionalSubscriber.onSubscribe(FluxPeekFuseable.java:471)
		at reactor.core.publisher.MonoPeekTerminal$MonoTerminalPeekSubscriber.onSubscribe(MonoPeekTerminal.java:152)
		at reactor.core.publisher.Operators$BaseFluxToMonoOperator.onSubscribe(Operators.java:2051)
		at reactor.core.publisher.MonoNext$NextSubscriber.onSubscribe(MonoNext.java:70)
		at reactor.core.publisher.FluxConcatMapNoPrefetch$FluxConcatMapNoPrefetchSubscriber.onSubscribe(FluxConcatMapNoPrefetch.java:164)
		at reactor.core.publisher.FluxIterable.subscribe(FluxIterable.java:201)
		at reactor.core.publisher.FluxIterable.subscribe(FluxIterable.java:83)
		at reactor.core.publisher.InternalMonoOperator.subscribe(InternalMonoOperator.java:76)
		at reactor.core.publisher.MonoDeferContextual.subscribe(MonoDeferContextual.java:55)
		at reactor.core.publisher.InternalMonoOperator.subscribe(InternalMonoOperator.java:76)
		at reactor.core.publisher.MonoDefer.subscribe(MonoDefer.java:53)
		at reactor.core.publisher.InternalMonoOperator.subscribe(InternalMonoOperator.java:76)
		at reactor.core.publisher.MonoDefer.subscribe(MonoDefer.java:53)
		at reactor.core.publisher.Mono.subscribe(Mono.java:4576)
		at reactor.core.publisher.MonoIgnoreThen$ThenIgnoreMain.subscribeNext(MonoIgnoreThen.java:265)
		at reactor.core.publisher.MonoIgnoreThen.subscribe(MonoIgnoreThen.java:51)
		at reactor.core.publisher.Mono.subscribe(Mono.java:4576)
		at reactor.core.publisher.FluxSwitchIfEmpty$SwitchIfEmptySubscriber.onComplete(FluxSwitchIfEmpty.java:82)
		at reactor.core.publisher.FluxFilterFuseable$FilterFuseableSubscriber.onComplete(FluxFilterFuseable.java:171)
		at reactor.core.publisher.FluxPeekFuseable$PeekFuseableConditionalSubscriber.onComplete(FluxPeekFuseable.java:595)
		at reactor.core.publisher.FluxSwitchIfEmpty$SwitchIfEmptySubscriber.onComplete(FluxSwitchIfEmpty.java:85)
		at reactor.core.publisher.Operators$ScalarSubscription.request(Operators.java:2573)
		at reactor.core.publisher.Operators$MultiSubscriptionSubscriber.set(Operators.java:2367)
		at reactor.core.publisher.Operators$MultiSubscriptionSubscriber.onSubscribe(Operators.java:2241)
		at reactor.core.publisher.MonoJust.subscribe(MonoJust.java:55)
		at reactor.core.publisher.Mono.subscribe(Mono.java:4576)
		at reactor.core.publisher.FluxSwitchIfEmpty$SwitchIfEmptySubscriber.onComplete(FluxSwitchIfEmpty.java:82)
		at reactor.core.publisher.MonoNext$NextSubscriber.onComplete(MonoNext.java:102)
		at reactor.core.publisher.FluxFilterFuseable$FilterFuseableSubscriber.onComplete(FluxFilterFuseable.java:171)
		at reactor.core.publisher.FluxFlatMap$FlatMapMain.checkTerminated(FluxFlatMap.java:850)
		at reactor.core.publisher.FluxFlatMap$FlatMapMain.drainLoop(FluxFlatMap.java:612)
		at reactor.core.publisher.FluxFlatMap$FlatMapMain.drain(FluxFlatMap.java:592)
		at reactor.core.publisher.FluxFlatMap$FlatMapMain.onComplete(FluxFlatMap.java:469)
		at reactor.core.publisher.FluxPeekFuseable$PeekFuseableSubscriber.onComplete(FluxPeekFuseable.java:277)
		at reactor.core.publisher.FluxIterable$IterableSubscription.slowPath(FluxIterable.java:357)
		at reactor.core.publisher.FluxIterable$IterableSubscription.request(FluxIterable.java:294)
		at reactor.core.publisher.FluxPeekFuseable$PeekFuseableSubscriber.request(FluxPeekFuseable.java:144)
		at reactor.core.publisher.FluxFlatMap$FlatMapMain.onSubscribe(FluxFlatMap.java:373)
		at reactor.core.publisher.FluxPeekFuseable$PeekFuseableSubscriber.onSubscribe(FluxPeekFuseable.java:178)
		at reactor.core.publisher.FluxIterable.subscribe(FluxIterable.java:201)
		at reactor.core.publisher.FluxIterable.subscribe(FluxIterable.java:83)
		at reactor.core.publisher.InternalMonoOperator.subscribe(InternalMonoOperator.java:76)
		at reactor.core.publisher.MonoDefer.subscribe(MonoDefer.java:53)
		at reactor.core.publisher.InternalMonoOperator.subscribe(InternalMonoOperator.java:76)
		at reactor.core.publisher.MonoFlatMap$FlatMapMain.onNext(MonoFlatMap.java:165)
		at reactor.core.publisher.Operators$BaseFluxToMonoOperator.completePossiblyEmpty(Operators.java:2097)
		at reactor.core.publisher.FluxDefaultIfEmpty$DefaultIfEmptySubscriber.onComplete(FluxDefaultIfEmpty.java:134)
		at reactor.core.publisher.FluxMapFuseable$MapFuseableSubscriber.onComplete(FluxMapFuseable.java:152)
		at reactor.core.publisher.FluxMapFuseable$MapFuseableSubscriber.onComplete(FluxMapFuseable.java:152)
		at reactor.core.publisher.FluxFilterFuseable$FilterFuseableSubscriber.onComplete(FluxFilterFuseable.java:171)
		at reactor.core.publisher.FluxMapFuseable$MapFuseableConditionalSubscriber.onComplete(FluxMapFuseable.java:350)
		at reactor.core.publisher.Operators$MonoSubscriber.complete(Operators.java:1866)
		at reactor.core.publisher.MonoCacheTime$CoordinatorSubscriber.signalCached(MonoCacheTime.java:337)
		at reactor.core.publisher.MonoCacheTime$CoordinatorSubscriber.onNext(MonoCacheTime.java:354)
		at reactor.core.publisher.FluxPeekFuseable$PeekFuseableSubscriber.onNext(FluxPeekFuseable.java:210)
		at reactor.core.publisher.FluxSwitchIfEmpty$SwitchIfEmptySubscriber.onNext(FluxSwitchIfEmpty.java:74)
		at reactor.core.publisher.MonoPeekTerminal$MonoTerminalPeekSubscriber.onNext(MonoPeekTerminal.java:180)
		at reactor.core.publisher.MonoPublishOn$PublishOnSubscriber.run(MonoPublishOn.java:181)
		at reactor.core.scheduler.SchedulerTask.call(SchedulerTask.java:68)
		at reactor.core.scheduler.SchedulerTask.call(SchedulerTask.java:28)
		at java.base/java.util.concurrent.FutureTask.run$$$capture(FutureTask.java:317)
		at java.base/java.util.concurrent.FutureTask.run(FutureTask.java)
		at java.base/java.util.concurrent.ScheduledThreadPoolExecutor$ScheduledFutureTask.run(ScheduledThreadPoolExecutor.java:304)
		at java.base/java.util.concurrent.ThreadPoolExecutor.runWorker(ThreadPoolExecutor.java:1144)
		at java.base/java.util.concurrent.ThreadPoolExecutor$Worker.run(ThreadPoolExecutor.java:642)
		at java.base/java.lang.Thread.run(Thread.java:1583)

2024-11-12 02:40:19.374 ERROR 53201 --- [rabbitmq-connection-shutdown-amqp://guest@192.168.31.244:31688/] c.r.c.impl.ForgivingExceptionHandler     : Caught an exception during connection recovery!

java.io.IOException: null
	at com.rabbitmq.client.impl.AMQChannel.wrap(AMQChannel.java:140)
	at com.rabbitmq.client.impl.AMQChannel.wrap(AMQChannel.java:136)
	at com.rabbitmq.client.impl.AMQConnection.start(AMQConnection.java:406)
	at com.rabbitmq.client.impl.recovery.RecoveryAwareAMQConnectionFactory.newConnection(RecoveryAwareAMQConnectionFactory.java:71)
	at com.rabbitmq.client.impl.recovery.AutorecoveringConnection.recoverConnection(AutorecoveringConnection.java:628)
	at com.rabbitmq.client.impl.recovery.AutorecoveringConnection.beginAutomaticRecovery(AutorecoveringConnection.java:589)
	at com.rabbitmq.client.impl.recovery.AutorecoveringConnection.lambda$addAutomaticRecoveryListener$3(AutorecoveringConnection.java:524)
	at com.rabbitmq.client.impl.AMQConnection.notifyRecoveryCanBeginListeners(AMQConnection.java:839)
	at com.rabbitmq.client.impl.AMQConnection.doFinalShutdown(AMQConnection.java:816)
	at com.rabbitmq.client.impl.AMQConnection.handleHeartbeatFailure(AMQConnection.java:781)
	at com.rabbitmq.client.impl.nio.NioLoop.lambda$handleHeartbeatFailure$0(NioLoop.java:281)
	at java.base/java.lang.Thread.run(Thread.java:1583)
Caused by: com.rabbitmq.client.ShutdownSignalException: connection error
	at com.rabbitmq.utility.ValueOrException.getValue(ValueOrException.java:66)
	at com.rabbitmq.utility.BlockingValueOrException.uninterruptibleGetValue(BlockingValueOrException.java:36)
	at com.rabbitmq.client.impl.AMQChannel$BlockingRpcContinuation.getReply(AMQChannel.java:552)
	at com.rabbitmq.client.impl.AMQConnection.start(AMQConnection.java:336)
	... 9 common frames omitted
Caused by: java.net.SocketException: Connection reset
	at java.base/sun.nio.ch.SocketChannelImpl.throwConnectionReset(SocketChannelImpl.java:401)
	at java.base/sun.nio.ch.SocketChannelImpl.read(SocketChannelImpl.java:434)
	at com.rabbitmq.client.impl.nio.NioHelper.read(NioHelper.java:25)
	at com.rabbitmq.client.impl.nio.SocketChannelFrameHandlerState.prepareForReadSequence(SocketChannelFrameHandlerState.java:192)
	at com.rabbitmq.client.impl.nio.NioLoop.run(NioLoop.java:153)
	... 1 common frames omitted

2024-11-12 02:40:24.378 ERROR 53201 --- [rabbitmq-connection-shutdown-amqp://guest@192.168.31.244:31688/] c.r.c.impl.ForgivingExceptionHandler     : Caught an exception during connection recovery!

java.io.IOException: null
	at com.rabbitmq.client.impl.AMQChannel.wrap(AMQChannel.java:140)
	at com.rabbitmq.client.impl.AMQChannel.wrap(AMQChannel.java:136)
	at com.rabbitmq.client.impl.AMQConnection.start(AMQConnection.java:406)
	at com.rabbitmq.client.impl.recovery.RecoveryAwareAMQConnectionFactory.newConnection(RecoveryAwareAMQConnectionFactory.java:71)
	at com.rabbitmq.client.impl.recovery.AutorecoveringConnection.recoverConnection(AutorecoveringConnection.java:628)
	at com.rabbitmq.client.impl.recovery.AutorecoveringConnection.beginAutomaticRecovery(AutorecoveringConnection.java:589)
	at com.rabbitmq.client.impl.recovery.AutorecoveringConnection.lambda$addAutomaticRecoveryListener$3(AutorecoveringConnection.java:524)
	at com.rabbitmq.client.impl.AMQConnection.notifyRecoveryCanBeginListeners(AMQConnection.java:839)
	at com.rabbitmq.client.impl.AMQConnection.doFinalShutdown(AMQConnection.java:816)
	at com.rabbitmq.client.impl.AMQConnection.handleHeartbeatFailure(AMQConnection.java:781)
	at com.rabbitmq.client.impl.nio.NioLoop.lambda$handleHeartbeatFailure$0(NioLoop.java:281)
	at java.base/java.lang.Thread.run(Thread.java:1583)
Caused by: com.rabbitmq.client.ShutdownSignalException: connection error
	at com.rabbitmq.utility.ValueOrException.getValue(ValueOrException.java:66)
	at com.rabbitmq.utility.BlockingValueOrException.uninterruptibleGetValue(BlockingValueOrException.java:36)
	at com.rabbitmq.client.impl.AMQChannel$BlockingRpcContinuation.getReply(AMQChannel.java:552)
	at com.rabbitmq.client.impl.AMQConnection.start(AMQConnection.java:336)
	... 9 common frames omitted
Caused by: java.net.SocketException: Connection reset
	at java.base/sun.nio.ch.SocketChannelImpl.throwConnectionReset(SocketChannelImpl.java:401)
	at java.base/sun.nio.ch.SocketChannelImpl.read(SocketChannelImpl.java:434)
	at com.rabbitmq.client.impl.nio.NioHelper.read(NioHelper.java:25)
	at com.rabbitmq.client.impl.nio.SocketChannelFrameHandlerState.prepareForReadSequence(SocketChannelFrameHandlerState.java:192)
	at com.rabbitmq.client.impl.nio.NioLoop.run(NioLoop.java:153)
	... 1 common frames omitted

2024-11-12 02:40:29.385 ERROR 53201 --- [rabbitmq-connection-shutdown-amqp://guest@192.168.31.244:31688/] c.r.c.impl.ForgivingExceptionHandler     : Caught an exception during connection recovery!

java.io.IOException: null
	at com.rabbitmq.client.impl.AMQChannel.wrap(AMQChannel.java:140)
	at com.rabbitmq.client.impl.AMQChannel.wrap(AMQChannel.java:136)
	at com.rabbitmq.client.impl.AMQConnection.start(AMQConnection.java:406)
	at com.rabbitmq.client.impl.recovery.RecoveryAwareAMQConnectionFactory.newConnection(RecoveryAwareAMQConnectionFactory.java:71)
	at com.rabbitmq.client.impl.recovery.AutorecoveringConnection.recoverConnection(AutorecoveringConnection.java:628)
	at com.rabbitmq.client.impl.recovery.AutorecoveringConnection.beginAutomaticRecovery(AutorecoveringConnection.java:589)
	at com.rabbitmq.client.impl.recovery.AutorecoveringConnection.lambda$addAutomaticRecoveryListener$3(AutorecoveringConnection.java:524)
	at com.rabbitmq.client.impl.AMQConnection.notifyRecoveryCanBeginListeners(AMQConnection.java:839)
	at com.rabbitmq.client.impl.AMQConnection.doFinalShutdown(AMQConnection.java:816)
	at com.rabbitmq.client.impl.AMQConnection.handleHeartbeatFailure(AMQConnection.java:781)
	at com.rabbitmq.client.impl.nio.NioLoop.lambda$handleHeartbeatFailure$0(NioLoop.java:281)
	at java.base/java.lang.Thread.run(Thread.java:1583)
Caused by: com.rabbitmq.client.ShutdownSignalException: connection error
	at com.rabbitmq.utility.ValueOrException.getValue(ValueOrException.java:66)
	at com.rabbitmq.utility.BlockingValueOrException.uninterruptibleGetValue(BlockingValueOrException.java:36)
	at com.rabbitmq.client.impl.AMQChannel$BlockingRpcContinuation.getReply(AMQChannel.java:552)
	at com.rabbitmq.client.impl.AMQConnection.start(AMQConnection.java:336)
	... 9 common frames omitted
Caused by: java.net.SocketException: Connection reset
	at java.base/sun.nio.ch.SocketChannelImpl.throwConnectionReset(SocketChannelImpl.java:401)
	at java.base/sun.nio.ch.SocketChannelImpl.read(SocketChannelImpl.java:434)
	at com.rabbitmq.client.impl.nio.NioHelper.read(NioHelper.java:25)
	at com.rabbitmq.client.impl.nio.SocketChannelFrameHandlerState.prepareForReadSequence(SocketChannelFrameHandlerState.java:192)
	at com.rabbitmq.client.impl.nio.NioLoop.run(NioLoop.java:153)
	... 1 common frames omitted

2024-11-12 02:40:34.390 ERROR 53201 --- [rabbitmq-connection-shutdown-amqp://guest@192.168.31.244:31688/] c.r.c.impl.ForgivingExceptionHandler     : Caught an exception during connection recovery!

java.io.IOException: null
	at com.rabbitmq.client.impl.AMQChannel.wrap(AMQChannel.java:140)
	at com.rabbitmq.client.impl.AMQChannel.wrap(AMQChannel.java:136)
	at com.rabbitmq.client.impl.AMQConnection.start(AMQConnection.java:406)
	at com.rabbitmq.client.impl.recovery.RecoveryAwareAMQConnectionFactory.newConnection(RecoveryAwareAMQConnectionFactory.java:71)
	at com.rabbitmq.client.impl.recovery.AutorecoveringConnection.recoverConnection(AutorecoveringConnection.java:628)
	at com.rabbitmq.client.impl.recovery.AutorecoveringConnection.beginAutomaticRecovery(AutorecoveringConnection.java:589)
	at com.rabbitmq.client.impl.recovery.AutorecoveringConnection.lambda$addAutomaticRecoveryListener$3(AutorecoveringConnection.java:524)
	at com.rabbitmq.client.impl.AMQConnection.notifyRecoveryCanBeginListeners(AMQConnection.java:839)
	at com.rabbitmq.client.impl.AMQConnection.doFinalShutdown(AMQConnection.java:816)
	at com.rabbitmq.client.impl.AMQConnection.handleHeartbeatFailure(AMQConnection.java:781)
	at com.rabbitmq.client.impl.nio.NioLoop.lambda$handleHeartbeatFailure$0(NioLoop.java:281)
	at java.base/java.lang.Thread.run(Thread.java:1583)
Caused by: com.rabbitmq.client.ShutdownSignalException: connection error
	at com.rabbitmq.utility.ValueOrException.getValue(ValueOrException.java:66)
	at com.rabbitmq.utility.BlockingValueOrException.uninterruptibleGetValue(BlockingValueOrException.java:36)
	at com.rabbitmq.client.impl.AMQChannel$BlockingRpcContinuation.getReply(AMQChannel.java:552)
	at com.rabbitmq.client.impl.AMQConnection.start(AMQConnection.java:336)
	... 9 common frames omitted
Caused by: java.net.SocketException: Connection reset
	at java.base/sun.nio.ch.SocketChannelImpl.throwConnectionReset(SocketChannelImpl.java:401)
	at java.base/sun.nio.ch.SocketChannelImpl.read(SocketChannelImpl.java:434)
	at com.rabbitmq.client.impl.nio.NioHelper.read(NioHelper.java:25)
	at com.rabbitmq.client.impl.nio.SocketChannelFrameHandlerState.prepareForReadSequence(SocketChannelFrameHandlerState.java:192)
	at com.rabbitmq.client.impl.nio.NioLoop.run(NioLoop.java:153)
	... 1 common frames omitted

2024-11-12 02:40:39.398 ERROR 53201 --- [rabbitmq-connection-shutdown-amqp://guest@192.168.31.244:31688/] c.r.c.impl.ForgivingExceptionHandler     : Caught an exception during connection recovery!

java.io.IOException: null
	at com.rabbitmq.client.impl.AMQChannel.wrap(AMQChannel.java:140)
	at com.rabbitmq.client.impl.AMQChannel.wrap(AMQChannel.java:136)
	at com.rabbitmq.client.impl.AMQConnection.start(AMQConnection.java:406)
	at com.rabbitmq.client.impl.recovery.RecoveryAwareAMQConnectionFactory.newConnection(RecoveryAwareAMQConnectionFactory.java:71)
	at com.rabbitmq.client.impl.recovery.AutorecoveringConnection.recoverConnection(AutorecoveringConnection.java:628)
	at com.rabbitmq.client.impl.recovery.AutorecoveringConnection.beginAutomaticRecovery(AutorecoveringConnection.java:589)
	at com.rabbitmq.client.impl.recovery.AutorecoveringConnection.lambda$addAutomaticRecoveryListener$3(AutorecoveringConnection.java:524)
	at com.rabbitmq.client.impl.AMQConnection.notifyRecoveryCanBeginListeners(AMQConnection.java:839)
	at com.rabbitmq.client.impl.AMQConnection.doFinalShutdown(AMQConnection.java:816)
	at com.rabbitmq.client.impl.AMQConnection.handleHeartbeatFailure(AMQConnection.java:781)
	at com.rabbitmq.client.impl.nio.NioLoop.lambda$handleHeartbeatFailure$0(NioLoop.java:281)
	at java.base/java.lang.Thread.run(Thread.java:1583)
Caused by: com.rabbitmq.client.ShutdownSignalException: connection error
	at com.rabbitmq.utility.ValueOrException.getValue(ValueOrException.java:66)
	at com.rabbitmq.utility.BlockingValueOrException.uninterruptibleGetValue(BlockingValueOrException.java:36)
	at com.rabbitmq.client.impl.AMQChannel$BlockingRpcContinuation.getReply(AMQChannel.java:552)
	at com.rabbitmq.client.impl.AMQConnection.start(AMQConnection.java:336)
	... 9 common frames omitted
Caused by: java.net.SocketException: Connection reset
	at java.base/sun.nio.ch.SocketChannelImpl.throwConnectionReset(SocketChannelImpl.java:401)
	at java.base/sun.nio.ch.SocketChannelImpl.read(SocketChannelImpl.java:434)
	at com.rabbitmq.client.impl.nio.NioHelper.read(NioHelper.java:25)
	at com.rabbitmq.client.impl.nio.SocketChannelFrameHandlerState.prepareForReadSequence(SocketChannelFrameHandlerState.java:192)
	at com.rabbitmq.client.impl.nio.NioLoop.run(NioLoop.java:153)
	... 1 common frames omitted

2024-11-12 03:11:58.807 ERROR 53201 --- [rabbitmq-connection-shutdown-amqp://guest@192.168.31.244:31688/] c.r.c.impl.ForgivingExceptionHandler     : An unexpected connection driver error occurred

com.rabbitmq.client.MissedHeartbeatException: Detected missed server heartbeats, heartbeat interval: 60 seconds, RabbitMQ node hostname: 192.168.31.244
	at com.rabbitmq.client.impl.AMQConnection.handleHeartbeatFailure(AMQConnection.java:776)
	at com.rabbitmq.client.impl.nio.NioLoop.lambda$handleHeartbeatFailure$0(NioLoop.java:281)
	at java.base/java.lang.Thread.run(Thread.java:1583)

2024-11-12 03:27:59.734 ERROR 53201 --- [rabbitmq-connection-shutdown-amqp://guest@192.168.31.244:31688/] c.r.c.impl.ForgivingExceptionHandler     : An unexpected connection driver error occurred

com.rabbitmq.client.MissedHeartbeatException: Detected missed server heartbeats, heartbeat interval: 60 seconds, RabbitMQ node hostname: 192.168.31.244
	at com.rabbitmq.client.impl.AMQConnection.handleHeartbeatFailure(AMQConnection.java:776)
	at com.rabbitmq.client.impl.nio.NioLoop.lambda$handleHeartbeatFailure$0(NioLoop.java:281)
	at java.base/java.lang.Thread.run(Thread.java:1583)

2024-11-12 03:45:25.763 ERROR 53201 --- [rabbitmq-connection-shutdown-amqp://guest@192.168.31.244:31688/] c.r.c.impl.ForgivingExceptionHandler     : An unexpected connection driver error occurred

com.rabbitmq.client.MissedHeartbeatException: Detected missed server heartbeats, heartbeat interval: 60 seconds, RabbitMQ node hostname: 192.168.31.244
	at com.rabbitmq.client.impl.AMQConnection.handleHeartbeatFailure(AMQConnection.java:776)
	at com.rabbitmq.client.impl.nio.NioLoop.lambda$handleHeartbeatFailure$0(NioLoop.java:281)
	at java.base/java.lang.Thread.run(Thread.java:1583)

2024-11-12 04:03:03.792 ERROR 53201 --- [rabbitmq-connection-shutdown-amqp://guest@192.168.31.244:31688/] c.r.c.impl.ForgivingExceptionHandler     : An unexpected connection driver error occurred

com.rabbitmq.client.MissedHeartbeatException: Detected missed server heartbeats, heartbeat interval: 60 seconds, RabbitMQ node hostname: 192.168.31.244
	at com.rabbitmq.client.impl.AMQConnection.handleHeartbeatFailure(AMQConnection.java:776)
	at com.rabbitmq.client.impl.nio.NioLoop.lambda$handleHeartbeatFailure$0(NioLoop.java:281)
	at java.base/java.lang.Thread.run(Thread.java:1583)

2024-11-12 05:28:31.787 ERROR 53201 --- [rabbitmq-connection-shutdown-amqp://guest@192.168.31.244:31688/] c.r.c.impl.ForgivingExceptionHandler     : An unexpected connection driver error occurred

com.rabbitmq.client.MissedHeartbeatException: Detected missed server heartbeats, heartbeat interval: 60 seconds, RabbitMQ node hostname: 192.168.31.244
	at com.rabbitmq.client.impl.AMQConnection.handleHeartbeatFailure(AMQConnection.java:776)
	at com.rabbitmq.client.impl.nio.NioLoop.lambda$handleHeartbeatFailure$0(NioLoop.java:281)
	at java.base/java.lang.Thread.run(Thread.java:1583)

2024-11-12 06:32:53.834 ERROR 53201 --- [rabbitmq-connection-shutdown-amqp://guest@192.168.31.244:31688/] c.r.c.impl.ForgivingExceptionHandler     : An unexpected connection driver error occurred

com.rabbitmq.client.MissedHeartbeatException: Detected missed server heartbeats, heartbeat interval: 60 seconds, RabbitMQ node hostname: 192.168.31.244
	at com.rabbitmq.client.impl.AMQConnection.handleHeartbeatFailure(AMQConnection.java:776)
	at com.rabbitmq.client.impl.nio.NioLoop.lambda$handleHeartbeatFailure$0(NioLoop.java:281)
	at java.base/java.lang.Thread.run(Thread.java:1583)

2024-11-12 07:59:27.894 ERROR 53201 --- [rabbitmq-connection-shutdown-amqp://guest@192.168.31.244:31688/] c.r.c.impl.ForgivingExceptionHandler     : An unexpected connection driver error occurred

com.rabbitmq.client.MissedHeartbeatException: Detected missed server heartbeats, heartbeat interval: 60 seconds, RabbitMQ node hostname: 192.168.31.244
	at com.rabbitmq.client.impl.AMQConnection.handleHeartbeatFailure(AMQConnection.java:776)
	at com.rabbitmq.client.impl.nio.NioLoop.lambda$handleHeartbeatFailure$0(NioLoop.java:281)
	at java.base/java.lang.Thread.run(Thread.java:1583)

2024-11-12 09:32:39.792 ERROR 53201 --- [rabbitmq-connection-shutdown-amqp://guest@192.168.31.244:31688/] c.r.c.impl.ForgivingExceptionHandler     : An unexpected connection driver error occurred

com.rabbitmq.client.MissedHeartbeatException: Detected missed server heartbeats, heartbeat interval: 60 seconds, RabbitMQ node hostname: 192.168.31.244
	at com.rabbitmq.client.impl.AMQConnection.handleHeartbeatFailure(AMQConnection.java:776)
	at com.rabbitmq.client.impl.nio.NioLoop.lambda$handleHeartbeatFailure$0(NioLoop.java:281)
	at java.base/java.lang.Thread.run(Thread.java:1583)

2024-11-12 10:02:55.024 ERROR 53201 --- [rabbitmq-connection-shutdown-amqp://guest@192.168.31.244:31688/] c.r.c.impl.ForgivingExceptionHandler     : An unexpected connection driver error occurred

com.rabbitmq.client.MissedHeartbeatException: Detected missed server heartbeats, heartbeat interval: 60 seconds, RabbitMQ node hostname: 192.168.31.244
	at com.rabbitmq.client.impl.AMQConnection.handleHeartbeatFailure(AMQConnection.java:776)
	at com.rabbitmq.client.impl.nio.NioLoop.lambda$handleHeartbeatFailure$0(NioLoop.java:281)
	at java.base/java.lang.Thread.run(Thread.java:1583)

2024-11-12 14:49:19.750 ERROR 64125 --- [rabbitmq-connection-shutdown-amqp://guest@192.168.31.244:31688/] c.r.c.impl.ForgivingExceptionHandler     : An unexpected connection driver error occurred

com.rabbitmq.client.MissedHeartbeatException: Detected missed server heartbeats, heartbeat interval: 60 seconds, RabbitMQ node hostname: 192.168.31.244
	at com.rabbitmq.client.impl.AMQConnection.handleHeartbeatFailure(AMQConnection.java:776)
	at com.rabbitmq.client.impl.nio.NioLoop.lambda$handleHeartbeatFailure$0(NioLoop.java:281)
	at java.base/java.lang.Thread.run(Thread.java:1583)

2024-11-12 15:53:33.359 ERROR 64125 --- [rabbitmq-connection-shutdown-amqp://guest@192.168.31.244:31688/] c.r.c.impl.ForgivingExceptionHandler     : An unexpected connection driver error occurred

com.rabbitmq.client.MissedHeartbeatException: Detected missed server heartbeats, heartbeat interval: 60 seconds, RabbitMQ node hostname: 192.168.31.244
	at com.rabbitmq.client.impl.AMQConnection.handleHeartbeatFailure(AMQConnection.java:776)
	at com.rabbitmq.client.impl.nio.NioLoop.lambda$handleHeartbeatFailure$0(NioLoop.java:281)
	at java.base/java.lang.Thread.run(Thread.java:1583)

